2024-10-16 06:39:17,773 [INFO] Activator:176 - 


2024-10-16 06:39:17,776 [INFO] Activator:177 - !SESSION log4j initialized
2024-10-16 06:39:21,572 [INFO] LogOutputStream:77 - [STDOUT_REDIRECT] 
2024-10-16 06:39:24,066 [INFO] ApplicationProperties:184 - Using Application install path: C:\ST\STM32CubeIDE_1.16.0\STM32CubeIDE\plugins\com.st.stm32cube.common.mx_6.12.0.202406281431
2024-10-16 06:39:24,088 [INFO] DbMcusXml:78 - Set database path to: C:\ST\STM32CubeIDE_1.16.0\STM32CubeIDE\plugins\com.st.stm32cube.common.mx_6.12.0.202406281431\\db\/mcu/
2024-10-16 06:39:24,088 [INFO] ApiDb:274 - Set plugin database path to: C:\ST\STM32CubeIDE_1.16.0\STM32CubeIDE\plugins\com.st.stm32cube.common.mx_6.12.0.202406281431\\db\/plugins/boardmanager/
2024-10-16 06:39:24,089 [WARN] ApiDb:259 - Overriding images path with different value:  => C:\ST\STM32CubeIDE_1.16.0\STM32CubeIDE\plugins\com.st.stm32cube.common.mx_6.12.0.202406281431\\db\/plugins/mcufinder/images/
2024-10-16 06:39:24,103 [INFO] ApiDb:250 - Set database path to: C:\Users\Admin\.stmcufinder\plugins\mcufinder//mcu/
2024-10-16 06:39:24,105 [INFO] DbMcusAds:125 - Set database path to: C:\Users\Admin\.stmcufinder\plugins\mcufinder//mcu/
2024-10-16 06:39:24,107 [INFO] CrossReferenceDbSqlite:203 - Set database path to: C:\Users\Admin\.stmcufinder\plugins\mcufinder//mcu/cs/
2024-10-16 06:39:24,229 [INFO] RulesReader:64 - Compatibility file has been processed (297 Rules)
2024-10-16 06:39:24,336 [INFO] DbMcusXml:78 - Set database path to: C:\ST\STM32CubeIDE_1.16.0\STM32CubeIDE\plugins\com.st.stm32cube.common.mx_6.12.0.202406281431\\db\/mcu/
2024-10-16 06:39:24,336 [INFO] ApiDb:274 - Set plugin database path to: C:\ST\STM32CubeIDE_1.16.0\STM32CubeIDE\plugins\com.st.stm32cube.common.mx_6.12.0.202406281431\\db\/plugins/boardmanager/
2024-10-16 06:39:24,337 [INFO] ApiDb:261 - Set plugin images path to: C:\ST\STM32CubeIDE_1.16.0\STM32CubeIDE\plugins\com.st.stm32cube.common.mx_6.12.0.202406281431\\db\/plugins/mcufinder/images/
2024-10-16 06:39:24,337 [WARN] DbFile:41 - Overriding database path with different value: C:\Users\Admin\.stmcufinder\plugins\mcufinder/ => C:\Users\Admin\.stmcufinder\plugins\mcufinder
2024-10-16 06:39:24,338 [INFO] ApiDb:250 - Set database path to: C:\Users\Admin\.stmcufinder\plugins\mcufinder//mcu/
2024-10-16 06:39:24,338 [WARN] DbFile:41 - Overriding database path with different value: C:\Users\Admin\.stmcufinder\plugins\mcufinder/ => C:\Users\Admin\.stmcufinder\plugins\mcufinder
2024-10-16 06:39:24,338 [INFO] DbMcusAds:125 - Set database path to: C:\Users\Admin\.stmcufinder\plugins\mcufinder//mcu/
2024-10-16 06:39:24,338 [WARN] DbFile:41 - Overriding database path with different value: C:\Users\Admin\.stmcufinder\plugins\mcufinder/ => C:\Users\Admin\.stmcufinder\plugins\mcufinder
2024-10-16 06:39:24,338 [WARN] DbFile:41 - Overriding database path with different value: C:\Users\Admin\.stmcufinder\plugins\mcufinder/ => C:\Users\Admin\.stmcufinder\plugins\mcufinder
2024-10-16 06:39:24,338 [INFO] CrossReferenceDbSqlite:203 - Set database path to: C:\Users\Admin\.stmcufinder\plugins\mcufinder//mcu/cs/
2024-10-16 06:39:24,445 [INFO] MainPanel:268 - HeapMemory: 268435456
2024-10-16 06:39:24,572 [INFO] DbMcusXml:78 - Set database path to: C:\ST\STM32CubeIDE_1.16.0\STM32CubeIDE\plugins\com.st.stm32cube.common.mx_6.12.0.202406281431\\db\/mcu/
2024-10-16 06:39:24,572 [INFO] ApiDb:274 - Set plugin database path to: C:\ST\STM32CubeIDE_1.16.0\STM32CubeIDE\plugins\com.st.stm32cube.common.mx_6.12.0.202406281431\\db\/plugins/boardmanager/
2024-10-16 06:39:24,572 [INFO] ApiDb:261 - Set plugin images path to: C:\ST\STM32CubeIDE_1.16.0\STM32CubeIDE\plugins\com.st.stm32cube.common.mx_6.12.0.202406281431\\db\/plugins/mcufinder/images/
2024-10-16 06:39:24,572 [WARN] DbFile:41 - Overriding database path with different value: C:\Users\Admin\.stmcufinder\plugins\mcufinder/ => C:\Users\Admin\.stmcufinder\plugins\mcufinder
2024-10-16 06:39:24,572 [INFO] ApiDb:250 - Set database path to: C:\Users\Admin\.stmcufinder\plugins\mcufinder//mcu/
2024-10-16 06:39:24,572 [WARN] DbFile:41 - Overriding database path with different value: C:\Users\Admin\.stmcufinder\plugins\mcufinder/ => C:\Users\Admin\.stmcufinder\plugins\mcufinder
2024-10-16 06:39:24,573 [INFO] DbMcusAds:125 - Set database path to: C:\Users\Admin\.stmcufinder\plugins\mcufinder//mcu/
2024-10-16 06:39:24,573 [WARN] DbFile:41 - Overriding database path with different value: C:\Users\Admin\.stmcufinder\plugins\mcufinder/ => C:\Users\Admin\.stmcufinder\plugins\mcufinder
2024-10-16 06:39:24,573 [WARN] DbFile:41 - Overriding database path with different value: C:\Users\Admin\.stmcufinder\plugins\mcufinder/ => C:\Users\Admin\.stmcufinder\plugins\mcufinder
2024-10-16 06:39:24,573 [INFO] CrossReferenceDbSqlite:203 - Set database path to: C:\Users\Admin\.stmcufinder\plugins\mcufinder//mcu/cs/
2024-10-16 06:39:24,596 [INFO] ApplicationProperties:184 - Using Application install path: C:\ST\STM32CubeIDE_1.16.0\STM32CubeIDE\plugins\com.st.stm32cube.common.mx_6.12.0.202406281431
2024-10-16 06:39:24,597 [INFO] PluginManage:196 - Search for loadable plugins [exclusion list=, ]
2024-10-16 06:39:24,599 [INFO] PluginManage:310 - Check plugin analytics
2024-10-16 06:39:24,815 [INFO] AnalyticsPlugin:253 - Accepted Software Licenses: 
2024-10-16 06:39:24,816 [INFO] AnalyticsPlugin:255 - Accepted CMSIS Pack Licenses: 
2024-10-16 06:39:24,816 [INFO] AnalyticsPlugin:257 - Accepted Firmware Licenses: FW.F4.1.28.0
2024-10-16 06:39:24,821 [INFO] PluginManage:359 - Loaded plugin analytics (category:tool,tabindex:-1)
2024-10-16 06:39:24,821 [INFO] PluginManage:310 - Check plugin cadmodel
2024-10-16 06:39:24,830 [INFO] CADModel:105 - Init CAD model plugin
2024-10-16 06:39:24,830 [INFO] PluginManage:359 - Loaded plugin cadmodel (category:power,tabindex:5)
2024-10-16 06:39:24,831 [INFO] PluginManage:310 - Check plugin clock
2024-10-16 06:39:24,848 [INFO] PluginManage:359 - Loaded plugin clock (category:base,tabindex:2)
2024-10-16 06:39:24,848 [INFO] PluginManage:310 - Check plugin ddr
2024-10-16 06:39:24,852 [INFO] PluginManage:359 - Loaded plugin ddr (category:tool,tabindex:6)
2024-10-16 06:39:24,852 [INFO] PluginManage:310 - Check plugin filemanager
2024-10-16 06:39:25,066 [INFO] PluginManage:359 - Loaded plugin filemanager (category:base,tabindex:10)
2024-10-16 06:39:25,067 [INFO] PluginManage:310 - Check plugin ipmanager
2024-10-16 06:39:25,083 [INFO] PluginManage:359 - Loaded plugin ipmanager (category:base,tabindex:5)
2024-10-16 06:39:25,083 [INFO] PluginManage:310 - Check plugin lpbam
2024-10-16 06:39:25,097 [INFO] PluginManage:359 - Loaded plugin lpbam (category:base,tabindex:0)
2024-10-16 06:39:25,098 [INFO] PluginManage:310 - Check plugin memorymap
2024-10-16 06:39:25,120 [INFO] PluginManage:359 - Loaded plugin memorymap (category:base,tabindex:4)
2024-10-16 06:39:25,120 [INFO] PluginManage:310 - Check plugin pinoutandconfiguration
2024-10-16 06:39:25,133 [INFO] PluginManage:359 - Loaded plugin pinoutandconfiguration (category:base,tabindex:1)
2024-10-16 06:39:25,133 [INFO] PluginManage:310 - Check plugin pinoutconfig
2024-10-16 06:39:25,238 [WARN] SupportedApi:132 - Cannot load RTOS API schema: s4s-elt-must-match.1: The content of 'definitions' must match (annotation?, (simpleType | complexType)?, (unique | key | keyref)*)). A problem was found starting at: attribute.
2024-10-16 06:39:25,412 [INFO] PluginManage:359 - Loaded plugin pinoutconfig (category:base,tabindex:0)
2024-10-16 06:39:25,414 [INFO] PluginManage:310 - Check plugin power
2024-10-16 06:39:25,426 [INFO] PluginManage:359 - Loaded plugin power (category:power,tabindex:4)
2024-10-16 06:39:25,426 [INFO] PluginManage:310 - Check plugin projectmanager
2024-10-16 06:39:25,446 [INFO] PluginManage:359 - Loaded plugin projectmanager (category:projectmanager,tabindex:4)
2024-10-16 06:39:25,446 [INFO] PluginManage:310 - Check plugin rif
2024-10-16 06:39:25,453 [INFO] PluginManage:359 - Loaded plugin rif (category:base,tabindex:3)
2024-10-16 06:39:25,453 [INFO] PluginManage:310 - Check plugin thirdparty
2024-10-16 06:39:25,656 [INFO] PluginManage:359 - Loaded plugin thirdparty (category:base,tabindex:-1)
2024-10-16 06:39:25,656 [WARN] IntegrityCheckThread:84 - waiting for thirdparty lock release [integrity check]
2024-10-16 06:39:25,657 [INFO] PluginManage:310 - Check plugin tools
2024-10-16 06:39:25,657 [INFO] IntegrityCheckThread:86 - entering critical section [integrity check]
2024-10-16 06:39:25,657 [INFO] ThirdPartyUpdaterWithRetryManager:70 - Updater plugin not ready yet. [1/15]
2024-10-16 06:39:25,662 [INFO] PluginManage:359 - Loaded plugin tools (category:base,tabindex:7)
2024-10-16 06:39:25,662 [INFO] PluginManage:310 - Check plugin tutovideos
2024-10-16 06:39:25,889 [INFO] PluginManage:359 - Loaded plugin tutovideos (category:base,tabindex:-1)
2024-10-16 06:39:25,889 [INFO] PluginManage:310 - Check plugin updater
2024-10-16 06:39:25,913 [INFO] PluginManage:359 - Loaded plugin updater (category:base,tabindex:12)
2024-10-16 06:39:25,913 [INFO] PluginManage:310 - Check plugin userauth
2024-10-16 06:39:25,921 [INFO] UserAuth:113 - Init User Auth plugin
2024-10-16 06:39:25,921 [INFO] PluginManage:359 - Loaded plugin userauth (category:base,tabindex:14)
2024-10-16 06:39:25,921 [INFO] PluginManage:283 - PluginManage : Loaded plugins [18]
2024-10-16 06:39:26,196 [INFO] PinOutPanel:1561 - setPackage(No Configuration,No Configuration)
2024-10-16 06:39:26,336 [INFO] CADModel:165 - CPN selected for project level
2024-10-16 06:39:26,336 [INFO] CADModel:114 - Register for checkConnection events
2024-10-16 06:39:26,363 [INFO] IPUIPlugin:80 - create IPUIPlugin
2024-10-16 06:39:26,364 [INFO] PluginManager:220 - loadIPPluginJar : add adc
2024-10-16 06:39:26,368 [INFO] IPUIPlugin:80 - create IPUIPlugin
2024-10-16 06:39:26,369 [INFO] PluginManager:220 - loadIPPluginJar : add aes
2024-10-16 06:39:26,374 [INFO] IPUIPlugin:80 - create IPUIPlugin
2024-10-16 06:39:26,374 [INFO] PluginManager:220 - loadIPPluginJar : add can
2024-10-16 06:39:26,378 [INFO] IPUIPlugin:80 - create IPUIPlugin
2024-10-16 06:39:26,378 [INFO] PluginManager:220 - loadIPPluginJar : add comp
2024-10-16 06:39:26,383 [INFO] IPUIPlugin:80 - create IPUIPlugin
2024-10-16 06:39:26,383 [INFO] PluginManager:220 - loadIPPluginJar : add cryp
2024-10-16 06:39:26,387 [INFO] IPUIPlugin:80 - create IPUIPlugin
2024-10-16 06:39:26,387 [INFO] PluginManager:220 - loadIPPluginJar : add ddr_ctrl_phy
2024-10-16 06:39:26,392 [INFO] IPUIPlugin:80 - create IPUIPlugin
2024-10-16 06:39:26,392 [INFO] PluginManager:220 - loadIPPluginJar : add dfsdm
2024-10-16 06:39:26,401 [INFO] IPUIPlugin:80 - create IPUIPlugin
2024-10-16 06:39:26,401 [INFO] PluginManager:220 - loadIPPluginJar : add dma
2024-10-16 06:39:26,404 [INFO] IPUIPlugin:80 - create IPUIPlugin
2024-10-16 06:39:26,404 [INFO] PluginManager:220 - loadIPPluginJar : add dma3
2024-10-16 06:39:26,410 [INFO] IPUIPlugin:80 - create IPUIPlugin
2024-10-16 06:39:26,411 [INFO] PluginManager:220 - loadIPPluginJar : add extmemmanager
2024-10-16 06:39:26,414 [INFO] IPUIPlugin:80 - create IPUIPlugin
2024-10-16 06:39:26,414 [INFO] PluginManager:220 - loadIPPluginJar : add fatfs
2024-10-16 06:39:26,420 [INFO] IPUIPlugin:80 - create IPUIPlugin
2024-10-16 06:39:26,420 [INFO] PluginManager:220 - loadIPPluginJar : add fmc
2024-10-16 06:39:26,429 [INFO] IPUIPlugin:80 - create IPUIPlugin
2024-10-16 06:39:26,429 [INFO] PluginManager:220 - loadIPPluginJar : add freertos
2024-10-16 06:39:26,431 [INFO] IPUIPlugin:80 - create IPUIPlugin
2024-10-16 06:39:26,431 [INFO] PluginManager:220 - loadIPPluginJar : add genericplugin
2024-10-16 06:39:26,435 [INFO] IPUIPlugin:80 - create IPUIPlugin
2024-10-16 06:39:26,435 [INFO] PluginManager:220 - loadIPPluginJar : add gfxmmu
2024-10-16 06:39:26,442 [INFO] IPUIPlugin:80 - create IPUIPlugin
2024-10-16 06:39:26,443 [INFO] PluginManager:220 - loadIPPluginJar : add gic
2024-10-16 06:39:26,448 [INFO] IPUIPlugin:80 - create IPUIPlugin
2024-10-16 06:39:26,449 [INFO] PluginManager:220 - loadIPPluginJar : add gpio
2024-10-16 06:39:26,453 [INFO] IPUIPlugin:80 - create IPUIPlugin
2024-10-16 06:39:26,453 [INFO] PluginManager:220 - loadIPPluginJar : add gtzc
2024-10-16 06:39:26,458 [INFO] IPUIPlugin:80 - create IPUIPlugin
2024-10-16 06:39:26,458 [INFO] PluginManager:220 - loadIPPluginJar : add hash
2024-10-16 06:39:26,463 [INFO] IPUIPlugin:80 - create IPUIPlugin
2024-10-16 06:39:26,463 [INFO] PluginManager:220 - loadIPPluginJar : add i2c
2024-10-16 06:39:26,466 [INFO] IPUIPlugin:80 - create IPUIPlugin
2024-10-16 06:39:26,467 [INFO] PluginManager:220 - loadIPPluginJar : add i2s
2024-10-16 06:39:26,471 [INFO] IPUIPlugin:80 - create IPUIPlugin
2024-10-16 06:39:26,471 [INFO] PluginManager:220 - loadIPPluginJar : add i3c
2024-10-16 06:39:26,475 [INFO] IPUIPlugin:80 - create IPUIPlugin
2024-10-16 06:39:26,475 [INFO] PluginManager:220 - loadIPPluginJar : add ipddr
2024-10-16 06:39:26,483 [INFO] IPUIPlugin:80 - create IPUIPlugin
2024-10-16 06:39:26,483 [INFO] PluginManager:220 - loadIPPluginJar : add linkedlist
2024-10-16 06:39:26,488 [INFO] IPUIPlugin:80 - create IPUIPlugin
2024-10-16 06:39:26,488 [INFO] PluginManager:220 - loadIPPluginJar : add lorawan
2024-10-16 06:39:26,490 [INFO] IPUIPlugin:80 - create IPUIPlugin
2024-10-16 06:39:26,490 [INFO] PluginManager:220 - loadIPPluginJar : add ltdc
2024-10-16 06:39:26,497 [INFO] IPUIPlugin:80 - create IPUIPlugin
2024-10-16 06:39:26,497 [INFO] PluginManager:220 - loadIPPluginJar : add mdma
2024-10-16 06:39:26,503 [INFO] IPUIPlugin:80 - create IPUIPlugin
2024-10-16 06:39:26,503 [INFO] PluginManager:220 - loadIPPluginJar : add nvic
2024-10-16 06:39:26,508 [INFO] IPUIPlugin:80 - create IPUIPlugin
2024-10-16 06:39:26,509 [INFO] PluginManager:220 - loadIPPluginJar : add opamp
2024-10-16 06:39:26,513 [INFO] IPUIPlugin:80 - create IPUIPlugin
2024-10-16 06:39:26,514 [INFO] PluginManager:220 - loadIPPluginJar : add openamp
2024-10-16 06:39:26,519 [INFO] IPUIPlugin:80 - create IPUIPlugin
2024-10-16 06:39:26,519 [INFO] PluginManager:220 - loadIPPluginJar : add pdm2pcm
2024-10-16 06:39:26,526 [INFO] IPUIPlugin:80 - create IPUIPlugin
2024-10-16 06:39:26,528 [INFO] PluginManager:220 - loadIPPluginJar : add plateformsettings
2024-10-16 06:39:26,531 [INFO] IPUIPlugin:80 - create IPUIPlugin
2024-10-16 06:39:26,531 [INFO] PluginManager:220 - loadIPPluginJar : add quadspi
2024-10-16 06:39:26,534 [INFO] IPUIPlugin:80 - create IPUIPlugin
2024-10-16 06:39:26,534 [INFO] PluginManager:220 - loadIPPluginJar : add radio
2024-10-16 06:39:26,539 [INFO] IPUIPlugin:80 - create IPUIPlugin
2024-10-16 06:39:26,539 [INFO] PluginManager:220 - loadIPPluginJar : add resmgrutility
2024-10-16 06:39:26,544 [INFO] IPUIPlugin:80 - create IPUIPlugin
2024-10-16 06:39:26,544 [INFO] PluginManager:220 - loadIPPluginJar : add sai
2024-10-16 06:39:26,546 [INFO] IPUIPlugin:80 - create IPUIPlugin
2024-10-16 06:39:26,546 [INFO] PluginManager:220 - loadIPPluginJar : add spi
2024-10-16 06:39:26,552 [INFO] IPUIPlugin:80 - create IPUIPlugin
2024-10-16 06:39:26,552 [INFO] PluginManager:220 - loadIPPluginJar : add stm32_wpan
2024-10-16 06:39:26,555 [INFO] IPUIPlugin:80 - create IPUIPlugin
2024-10-16 06:39:26,555 [INFO] PluginManager:220 - loadIPPluginJar : add tim
2024-10-16 06:39:26,558 [INFO] IPUIPlugin:80 - create IPUIPlugin
2024-10-16 06:39:26,558 [INFO] PluginManager:220 - loadIPPluginJar : add touchsensing
2024-10-16 06:39:26,562 [INFO] IPUIPlugin:80 - create IPUIPlugin
2024-10-16 06:39:26,562 [INFO] PluginManager:220 - loadIPPluginJar : add tracer_emb
2024-10-16 06:39:26,564 [INFO] IPUIPlugin:80 - create IPUIPlugin
2024-10-16 06:39:26,564 [INFO] PluginManager:220 - loadIPPluginJar : add ts
2024-10-16 06:39:26,566 [INFO] IPUIPlugin:80 - create IPUIPlugin
2024-10-16 06:39:26,567 [INFO] PluginManager:220 - loadIPPluginJar : add tsc
2024-10-16 06:39:26,569 [INFO] IPUIPlugin:80 - create IPUIPlugin
2024-10-16 06:39:26,569 [INFO] PluginManager:220 - loadIPPluginJar : add ucpd
2024-10-16 06:39:26,572 [INFO] IPUIPlugin:80 - create IPUIPlugin
2024-10-16 06:39:26,573 [INFO] PluginManager:220 - loadIPPluginJar : add usart
2024-10-16 06:39:26,576 [INFO] IPUIPlugin:80 - create IPUIPlugin
2024-10-16 06:39:26,576 [INFO] PluginManager:220 - loadIPPluginJar : add usbx
2024-10-16 06:39:26,717 [INFO] CADModel:165 - CPN selected for project level
2024-10-16 06:39:26,718 [INFO] CADModel:114 - Register for checkConnection events
2024-10-16 06:39:26,718 [FATAL] Updater:334 - Updater called before beeing initialized
2024-10-16 06:39:26,718 [ERROR] CADModel:125 - Updater not yet initialized, retry later 
2024-10-16 06:39:26,892 [INFO] CADModel:165 - CPN selected for project level
2024-10-16 06:39:26,893 [INFO] CADModel:114 - Register for checkConnection events
2024-10-16 06:39:26,893 [FATAL] Updater:334 - Updater called before beeing initialized
2024-10-16 06:39:26,893 [ERROR] CADModel:125 - Updater not yet initialized, retry later 
2024-10-16 06:39:26,896 [FATAL] Updater:334 - Updater called before beeing initialized
2024-10-16 06:39:27,025 [FATAL] Updater:334 - Updater called before beeing initialized
2024-10-16 06:39:27,031 [INFO] DbMcusAds:53 - JSON generation date=Thu May 16 12:22:00 EEST 2024 (1715851320667)
2024-10-16 06:39:27,031 [FATAL] Updater:334 - Updater called before beeing initialized
2024-10-16 06:39:27,070 [WARN] DetailPanel:346 - Failed to get advertising image, set to default
2024-10-16 06:39:27,163 [FATAL] Updater:334 - Updater called before beeing initialized
2024-10-16 06:39:27,165 [FATAL] Updater:334 - Updater called before beeing initialized
2024-10-16 06:39:27,166 [FATAL] Updater:334 - Updater called before beeing initialized
2024-10-16 06:39:27,166 [WARN] DetailPanel:346 - Failed to get advertising image, set to default
2024-10-16 06:39:27,167 [FATAL] Updater:334 - Updater called before beeing initialized
2024-10-16 06:39:27,224 [ERROR] Updater:1164 - MainUpdater not yet initialized. External WinMGr cannot be set.
2024-10-16 06:39:27,226 [INFO] Updater:1100 - Updater Version found : 6.12.0
2024-10-16 06:39:27,248 [INFO] ApplicationProperties:184 - Using Application install path: C:\ST\STM32CubeIDE_1.16.0\STM32CubeIDE\plugins\com.st.stm32cube.common.mx_6.12.0.202406281431
2024-10-16 06:39:28,658 [INFO] ThirdPartyUpdaterWithRetryManager:70 - Updater plugin not ready yet. [2/15]
2024-10-16 06:39:28,831 [ERROR] LogOutputStream:75 - [STDERR_REDIRECT] Oct 16, 2024 6:39:28 AM java.util.prefs.WindowsPreferences <init>
2024-10-16 06:39:28,833 [ERROR] LogOutputStream:75 - [STDERR_REDIRECT] WARNING: Could not open/create prefs root node Software\JavaSoft\Prefs at root 0xffffffff80000002. Windows RegCreateKeyEx(...) returned error code 5.
2024-10-16 06:39:28,833 [ERROR] LogOutputStream:75 - [STDERR_REDIRECT] 
2024-10-16 06:39:29,223 [INFO] MainUpdater:2873 - connection check result : 10
2024-10-16 06:39:29,225 [INFO] MainUpdater:290 - Updater Check For Update Now.
2024-10-16 06:39:29,225 [INFO] MicroXplorer:498 - Change Database Version : DB.6.0.120
2024-10-16 06:39:29,233 [INFO] McuFinderGlobals:63 - Set McuFinder mode to 2 (CubeIDE integrated)
2024-10-16 06:39:29,233 [INFO] McuFinderGlobals:63 - Set McuFinder mode to 2 (CubeIDE integrated)
2024-10-16 06:39:29,234 [INFO] UserAuth:417 - Internet connection configuration mode: 1
2024-10-16 06:39:29,234 [INFO] UserAuth:417 - Internet connection configuration mode: 1
2024-10-16 06:39:29,265 [INFO] JxBrowserEngine:152 - Initiate JxBrowser Engine with user profile folder
2024-10-16 06:39:29,416 [INFO] CheckServerUpdateThread:120 - End of CheckServer Thread
2024-10-16 06:39:30,052 [INFO] WebApp:167 - Instantiating new browser for Auth
2024-10-16 06:39:30,989 [INFO] WebApp:448 - Apply proxy settings
2024-10-16 06:39:30,990 [INFO] WebApp:533 - Chromium requires no authentication
2024-10-16 06:39:30,998 [INFO] WebApp:476 - Direct internet connection detected
2024-10-16 06:39:31,032 [INFO] WebApp:869 - Register for checkConnection events
2024-10-16 06:39:31,032 [INFO] WebApp:448 - Apply proxy settings
2024-10-16 06:39:31,033 [INFO] WebApp:533 - Chromium requires no authentication
2024-10-16 06:39:31,033 [INFO] WebApp:476 - Direct internet connection detected
2024-10-16 06:39:31,246 [INFO] WebApp:220 - Starting web application
2024-10-16 06:39:31,247 [INFO] WebApp:578 - Web application path used C:\ST\STM32CubeIDE_1.16.0\STM32CubeIDE\plugins\com.st.stm32cube.common.mx_6.12.0.202406281431\db\plugins\mcufinder\reactClient1\index.html
2024-10-16 06:39:31,369 [INFO] UserAuth:417 - Internet connection configuration mode: 1
2024-10-16 06:39:31,528 [INFO] WebApp:186 - Connection restablished
2024-10-16 06:39:32,136 [WARN] PackLoader:240 - Cannot read IP mode file for STMicroelectronics.FP-SNS-MOTENVWB1.1.4.0
2024-10-16 06:39:32,158 [WARN] PackLoader:240 - Cannot read IP mode file for STMicroelectronics.X-CUBE-SMBUS.2.1.0
2024-10-16 06:39:32,175 [WARN] PackLoader:240 - Cannot read IP mode file for STMicroelectronics.X-CUBE-WB05N.1.1.0
2024-10-16 06:39:32,224 [WARN] PackLoader:240 - Cannot read IP mode file for STMicroelectronics.X-CUBE-AZRTOS-F7.1.1.0
2024-10-16 06:39:32,342 [WARN] PackLoader:240 - Cannot read IP mode file for STMicroelectronics.X-CUBE-MEMS1.11.0.0
2024-10-16 06:39:32,602 [WARN] PackLoader:240 - Cannot read IP mode file for STMicroelectronics.FP-SNS-FLIGHT1.5.0.2
2024-10-16 06:39:32,614 [WARN] PackLoader:240 - Cannot read IP mode file for STMicroelectronics.X-CUBE-DISPLAY.3.0.0
2024-10-16 06:39:32,629 [WARN] PackLoader:240 - Cannot read IP mode file for STMicroelectronics.X-CUBE-BLE1.7.0.0
2024-10-16 06:39:32,641 [WARN] PackLoader:240 - Cannot read IP mode file for STMicroelectronics.X-CUBE-NFC10.1.0.0
2024-10-16 06:39:32,652 [WARN] PackLoader:240 - Cannot read IP mode file for emotas.I-CUBE-CANOPEN.1.3.0
2024-10-16 06:39:32,667 [WARN] PackLoader:240 - Cannot read IP mode file for STMicroelectronics.X-CUBE-BLEMGR.3.1.0
2024-10-16 06:39:32,679 [WARN] PackLoader:240 - Cannot read IP mode file for STMicroelectronics.FP-SNS-SMARTAG2.1.2.0
2024-10-16 06:39:32,692 [INFO] LogOutputStream:77 - [STDOUT_REDIRECT] 1 : Invalid condition id : UX_CORESTACK_Condition cause : null
2024-10-16 06:39:32,693 [INFO] LogOutputStream:77 - [STDOUT_REDIRECT] 1 : Invalid condition id : UX_CORESTACK_Condition cause : null
2024-10-16 06:39:32,695 [INFO] LogOutputStream:77 - [STDOUT_REDIRECT] 1 : Invalid condition id : UX_CORESTACK_Condition cause : null
2024-10-16 06:39:32,697 [INFO] LogOutputStream:77 - [STDOUT_REDIRECT] 1 : Invalid condition id : UX_CORESTACK_Condition cause : null
2024-10-16 06:39:32,698 [INFO] LogOutputStream:77 - [STDOUT_REDIRECT] 1 : Invalid condition id : UX_CORESTACK_Condition cause : null
2024-10-16 06:39:32,703 [WARN] PackLoader:240 - Cannot read IP mode file for STMicroelectronics.X-CUBE-AZRTOS-WL.2.0.0
2024-10-16 06:39:32,714 [WARN] PackLoader:240 - Cannot read IP mode file for STMicroelectronics.FP-SNS-MOTENV1.5.0.0
2024-10-16 06:39:32,725 [WARN] PackLoader:240 - Cannot read IP mode file for wolfSSL.I-CUBE-wolfMQTT.1.19.0
2024-10-16 06:39:32,742 [WARN] PackLoader:240 - Cannot read IP mode file for WES.I-CUBE-Cesium.1.3.0
2024-10-16 06:39:32,750 [WARN] PackLoader:240 - Cannot read IP mode file for STMicroelectronics.X-CUBE-BLE2.3.3.0
2024-10-16 06:39:32,761 [WARN] PackLoader:240 - Cannot read IP mode file for STMicroelectronics.X-CUBE-NFC9.1.0.0
2024-10-16 06:39:32,776 [WARN] PackLoader:240 - Cannot read IP mode file for STMicroelectronics.X-CUBE-TCPP.4.1.0
2024-10-16 06:39:32,798 [WARN] PackLoader:240 - Cannot read IP mode file for STMicroelectronics.X-CUBE-AZRTOS-G0.1.1.0
2024-10-16 06:39:32,809 [WARN] PackLoader:240 - Cannot read IP mode file for STMicroelectronics.X-CUBE-SAFEA1.1.2.2
2024-10-16 06:39:32,817 [WARN] PackLoader:240 - Cannot read IP mode file for STMicroelectronics.X-CUBE-NFC4.3.0.0
2024-10-16 06:39:32,832 [WARN] PackLoader:240 - Cannot read IP mode file for EmbeddedOffice.I-CUBE-FS-RTOS.1.0.1
2024-10-16 06:39:32,832 [ERROR] ConditionMgr:805 - Attr not supported : Dmpu
2024-10-16 06:39:32,832 [ERROR] ConditionMgr:805 - Attr not supported : Dmpu
2024-10-16 06:39:32,832 [ERROR] ConditionMgr:805 - Attr not supported : Dmpu
2024-10-16 06:39:32,832 [ERROR] ConditionMgr:805 - Attr not supported : Dmpu
2024-10-16 06:39:32,832 [ERROR] ConditionMgr:805 - Attr not supported : Dmpu
2024-10-16 06:39:32,832 [ERROR] ConditionMgr:805 - Attr not supported : Dmpu
2024-10-16 06:39:32,832 [ERROR] ConditionMgr:805 - Attr not supported : Dmpu
2024-10-16 06:39:32,832 [ERROR] ConditionMgr:805 - Attr not supported : Dmpu
2024-10-16 06:39:32,832 [ERROR] ConditionMgr:805 - Attr not supported : Dmpu
2024-10-16 06:39:32,832 [ERROR] ConditionMgr:805 - Attr not supported : Dmpu
2024-10-16 06:39:32,833 [ERROR] ConditionMgr:805 - Attr not supported : Dmpu
2024-10-16 06:39:32,833 [ERROR] ConditionMgr:805 - Attr not supported : Dmpu
2024-10-16 06:39:32,833 [ERROR] ConditionMgr:805 - Attr not supported : Dmpu
2024-10-16 06:39:32,833 [ERROR] ConditionMgr:805 - Attr not supported : Dmpu
2024-10-16 06:39:32,833 [ERROR] ConditionMgr:805 - Attr not supported : Dmpu
2024-10-16 06:39:32,833 [ERROR] ConditionMgr:805 - Attr not supported : Dmpu
2024-10-16 06:39:32,833 [ERROR] ConditionMgr:805 - Attr not supported : Dmpu
2024-10-16 06:39:32,833 [ERROR] ConditionMgr:805 - Attr not supported : Dmpu
2024-10-16 06:39:32,833 [ERROR] ConditionMgr:805 - Attr not supported : Dmpu
2024-10-16 06:39:32,833 [ERROR] ConditionMgr:805 - Attr not supported : Dmpu
2024-10-16 06:39:32,833 [ERROR] ConditionMgr:805 - Attr not supported : Dmpu
2024-10-16 06:39:32,833 [ERROR] ConditionMgr:805 - Attr not supported : Dmpu
2024-10-16 06:39:32,833 [ERROR] ConditionMgr:805 - Attr not supported : Dmpu
2024-10-16 06:39:32,835 [ERROR] ConditionMgr:805 - Attr not supported : Dmpu
2024-10-16 06:39:32,835 [ERROR] ConditionMgr:805 - Attr not supported : Dmpu
2024-10-16 06:39:32,835 [ERROR] ConditionMgr:805 - Attr not supported : Dmpu
2024-10-16 06:39:32,835 [ERROR] ConditionMgr:805 - Attr not supported : Dmpu
2024-10-16 06:39:32,835 [ERROR] ConditionMgr:805 - Attr not supported : Dmpu
2024-10-16 06:39:32,835 [ERROR] ConditionMgr:805 - Attr not supported : Dmpu
2024-10-16 06:39:32,835 [ERROR] ConditionMgr:805 - Attr not supported : Dmpu
2024-10-16 06:39:32,835 [ERROR] ConditionMgr:805 - Attr not supported : Dmpu
2024-10-16 06:39:32,835 [ERROR] ConditionMgr:805 - Attr not supported : Dmpu
2024-10-16 06:39:32,835 [ERROR] ConditionMgr:805 - Attr not supported : Dmpu
2024-10-16 06:39:32,835 [ERROR] ConditionMgr:805 - Attr not supported : Dmpu
2024-10-16 06:39:32,835 [ERROR] ConditionMgr:805 - Attr not supported : Dmpu
2024-10-16 06:39:32,835 [ERROR] ConditionMgr:805 - Attr not supported : Dmpu
2024-10-16 06:39:32,835 [ERROR] ConditionMgr:805 - Attr not supported : Dmpu
2024-10-16 06:39:32,835 [ERROR] ConditionMgr:805 - Attr not supported : Dmpu
2024-10-16 06:39:32,835 [ERROR] ConditionMgr:805 - Attr not supported : Dmpu
2024-10-16 06:39:32,835 [ERROR] ConditionMgr:805 - Attr not supported : Dmpu
2024-10-16 06:39:32,835 [ERROR] ConditionMgr:805 - Attr not supported : Dmpu
2024-10-16 06:39:32,836 [ERROR] ConditionMgr:805 - Attr not supported : Dmpu
2024-10-16 06:39:32,836 [ERROR] ConditionMgr:805 - Attr not supported : Dmpu
2024-10-16 06:39:32,836 [ERROR] ConditionMgr:805 - Attr not supported : Dmpu
2024-10-16 06:39:32,836 [ERROR] ConditionMgr:805 - Attr not supported : Dmpu
2024-10-16 06:39:32,836 [ERROR] ConditionMgr:805 - Attr not supported : Dmpu
2024-10-16 06:39:32,836 [ERROR] ConditionMgr:805 - Attr not supported : Dmpu
2024-10-16 06:39:32,836 [ERROR] ConditionMgr:805 - Attr not supported : Dmpu
2024-10-16 06:39:32,836 [ERROR] ConditionMgr:805 - Attr not supported : Dmpu
2024-10-16 06:39:32,836 [ERROR] ConditionMgr:805 - Attr not supported : Dmpu
2024-10-16 06:39:32,836 [ERROR] ConditionMgr:805 - Attr not supported : Dmpu
2024-10-16 06:39:32,836 [ERROR] ConditionMgr:805 - Attr not supported : Dmpu
2024-10-16 06:39:32,836 [ERROR] ConditionMgr:805 - Attr not supported : Dmpu
2024-10-16 06:39:32,836 [ERROR] ConditionMgr:805 - Attr not supported : Dmpu
2024-10-16 06:39:32,836 [ERROR] ConditionMgr:805 - Attr not supported : Dmpu
2024-10-16 06:39:32,836 [ERROR] ConditionMgr:805 - Attr not supported : Dmpu
2024-10-16 06:39:32,836 [ERROR] ConditionMgr:805 - Attr not supported : Dmpu
2024-10-16 06:39:32,836 [ERROR] ConditionMgr:805 - Attr not supported : Dmpu
2024-10-16 06:39:32,837 [ERROR] ConditionMgr:805 - Attr not supported : Dmpu
2024-10-16 06:39:32,837 [ERROR] ConditionMgr:805 - Attr not supported : Dmpu
2024-10-16 06:39:32,837 [ERROR] ConditionMgr:805 - Attr not supported : Dmpu
2024-10-16 06:39:32,837 [ERROR] ConditionMgr:805 - Attr not supported : Dmpu
2024-10-16 06:39:32,837 [ERROR] ConditionMgr:805 - Attr not supported : Dmpu
2024-10-16 06:39:32,837 [ERROR] ConditionMgr:805 - Attr not supported : Dmpu
2024-10-16 06:39:32,846 [WARN] PackLoader:240 - Cannot read IP mode file for RealThread.X-CUBE-RT-Thread_Nano.4.1.1
2024-10-16 06:39:32,854 [WARN] PackLoader:240 - Cannot read IP mode file for STMicroelectronics.FP-ATR-SIGFOX1.3.2.0
2024-10-16 06:39:32,862 [WARN] PackLoader:240 - Cannot read IP mode file for wolfSSL.I-CUBE-wolfSSL.5.7.2
2024-10-16 06:39:32,869 [WARN] PackLoader:240 - Cannot read IP mode file for STMicroelectronics.X-CUBE-EEPRMA1.5.1.0
2024-10-16 06:39:32,881 [WARN] PackLoader:240 - Cannot read IP mode file for ITTIA_DB.I-CUBE-ITTIADB.8.9.0
2024-10-16 06:39:32,928 [WARN] PackLoader:240 - Cannot read IP mode file for SEGGER.I-CUBE-embOS.1.3.1
2024-10-16 06:39:32,984 [WARN] PackLoader:240 - Cannot read IP mode file for STMicroelectronics.X-CUBE-ALGOBUILD.1.4.0
2024-10-16 06:39:32,992 [WARN] PackLoader:240 - Cannot read IP mode file for STMicroelectronics.X-CUBE-AI.9.1.0
2024-10-16 06:39:33,010 [WARN] PackLoader:240 - Cannot read IP mode file for STMicroelectronics.X-CUBE-AZRTOS-F4.1.1.0
2024-10-16 06:39:33,018 [WARN] PackLoader:240 - Cannot read IP mode file for STMicroelectronics.X-CUBE-ISPU.2.1.0
2024-10-16 06:39:33,026 [WARN] PackLoader:240 - Cannot read IP mode file for STMicroelectronics.X-CUBE-FREERTOS.1.2.0
2024-10-16 06:39:33,047 [WARN] PackLoader:240 - Cannot read IP mode file for STMicroelectronics.X-CUBE-AZRTOS-L5.2.0.0
2024-10-16 06:39:33,060 [WARN] PackLoader:240 - Cannot read IP mode file for STMicroelectronics.X-CUBE-NFC6.3.1.0
2024-10-16 06:39:33,069 [WARN] PackLoader:240 - Cannot read IP mode file for STMicroelectronics.X-CUBE-DPower.1.2.0
2024-10-16 06:39:33,075 [WARN] PackLoader:240 - Cannot read IP mode file for STMicroelectronics.X-CUBE-AI.9.0.0
2024-10-16 06:39:33,083 [WARN] PackLoader:240 - Cannot read IP mode file for STMicroelectronics.X-CUBE-NFC7.1.0.1
2024-10-16 06:39:33,102 [WARN] ConditionMgr:438 - getConditionDescription Invalid condition id : LAN8742 Phy interface Condition cause : null
2024-10-16 06:39:33,103 [WARN] PackLoader:240 - Cannot read IP mode file for STMicroelectronics.X-CUBE-AZRTOS-L4.2.0.0
2024-10-16 06:39:33,106 [WARN] ConditionMgr:1039 - genDependencies : Invalid condition id : LAN8742 Phy interface Condition cause : null
2024-10-16 06:39:33,106 [WARN] ConditionMgr:1039 - genDependencies : Invalid condition id : LAN8742 Phy interface Condition cause : null
2024-10-16 06:39:33,107 [WARN] ConditionMgr:1039 - genDependencies : Invalid condition id : LAN8742 Phy interface Condition cause : null
2024-10-16 06:39:33,115 [WARN] PackLoader:240 - Cannot read IP mode file for STMicroelectronics.X-CUBE-SFXS2LP1.4.0.0
2024-10-16 06:39:33,141 [WARN] PackLoader:240 - Cannot read IP mode file for STMicroelectronics.X-CUBE-AZRTOS-H7.3.3.0
2024-10-16 06:39:33,155 [WARN] PackLoader:240 - Cannot read IP mode file for STMicroelectronics.X-CUBE-IPS.3.0.0
2024-10-16 06:39:33,174 [WARN] ConditionMgr:438 - getConditionDescription Invalid condition id : UX DEVICE CLASS RTOS Condition cause : null
2024-10-16 06:39:33,175 [WARN] ConditionMgr:438 - getConditionDescription Invalid condition id : UX DEVICE CLASS RTOS Condition cause : null
2024-10-16 06:39:33,177 [WARN] PackLoader:240 - Cannot read IP mode file for STMicroelectronics.X-CUBE-AZRTOS-WB.2.0.0
2024-10-16 06:39:33,178 [WARN] ConditionMgr:1039 - genDependencies : Invalid condition id : UX DEVICE CLASS RTOS Condition cause : null
2024-10-16 06:39:33,178 [WARN] ConditionMgr:1039 - genDependencies : Invalid condition id : UX DEVICE CLASS RTOS Condition cause : null
2024-10-16 06:39:33,179 [WARN] ConditionMgr:1039 - genDependencies : Invalid condition id : UX DEVICE CLASS RTOS Condition cause : null
2024-10-16 06:39:33,179 [WARN] ConditionMgr:1039 - genDependencies : Invalid condition id : UX DEVICE CLASS RTOS Condition cause : null
2024-10-16 06:39:33,180 [WARN] ConditionMgr:1039 - genDependencies : Invalid condition id : UX DEVICE CLASS RTOS Condition cause : null
2024-10-16 06:39:33,189 [WARN] PackLoader:240 - Cannot read IP mode file for STMicroelectronics.X-CUBE-GNSS1.7.0.0
2024-10-16 06:39:33,197 [WARN] PackLoader:240 - Cannot read IP mode file for STMicroelectronics.FP-SNS-STBOX1.2.0.0
2024-10-16 06:39:33,216 [WARN] PackLoader:240 - Cannot read IP mode file for STMicroelectronics.X-CUBE-SUBG2.5.0.0
2024-10-16 06:39:33,227 [WARN] PackLoader:240 - Cannot read IP mode file for Cesanta.I-CUBE-Mongoose.7.13.0
2024-10-16 06:39:33,243 [WARN] PackLoader:240 - Cannot read IP mode file for STMicroelectronics.X-CUBE-AZRTOS-G4.2.0.0
2024-10-16 06:39:33,249 [WARN] PackLoader:240 - Cannot read IP mode file for STMicroelectronics.X-CUBE-ISPU.2.0.0
2024-10-16 06:39:33,256 [WARN] PackLoader:240 - Cannot read IP mode file for STMicroelectronics.X-CUBE-ALS.1.0.2
2024-10-16 06:39:33,262 [WARN] PackLoader:240 - Cannot read IP mode file for STMicroelectronics.X-CUBE-TOUCHGFX.4.24.0
2024-10-16 06:39:33,266 [WARN] PackLoader:240 - Cannot read IP mode file for STMicroelectronics.X-CUBE-TOUCHGFX.4.24.1
2024-10-16 06:39:33,270 [WARN] PackLoader:240 - Cannot read IP mode file for wolfSSL.I-CUBE-wolfTPM.3.4.0
2024-10-16 06:39:33,278 [WARN] PackLoader:240 - Cannot read IP mode file for portGmbH.I-Cube-SoM-uGOAL.1.1.0
2024-10-16 06:39:33,294 [WARN] PackLoader:240 - Cannot read IP mode file for STMicroelectronics.X-CUBE-AZRTOS-H7RS.1.0.0
2024-10-16 06:39:33,302 [WARN] PackLoader:240 - Cannot read IP mode file for STMicroelectronics.FP-ATR-ASTRA1.2.0.0
2024-10-16 06:39:33,314 [WARN] PackLoader:240 - Cannot read IP mode file for STMicroelectronics.X-CUBE-TOF1.3.4.2
2024-10-16 06:39:33,342 [WARN] PackLoader:240 - Cannot read IP mode file for Infineon.AIROC-Wi-Fi-Bluetooth-STM32.1.6.1
2024-10-16 06:39:33,350 [WARN] PackLoader:240 - Cannot read IP mode file for wolfSSL.I-CUBE-wolfSSH.1.4.17
2024-10-16 06:39:33,351 [INFO] ThirdParty:978 - Integrity check success = true
2024-10-16 06:39:33,351 [INFO] IntegrityCheckThread:100 - exiting critical section [integrity check]
2024-10-16 06:39:33,351 [INFO] IntegrityCheckThread:103 - End integrity checks thread
2024-10-16 06:40:05,940 [ERROR] LogOutputStream:75 - [STDERR_REDIRECT] 
2024-10-16 06:40:05,941 [ERROR] LogOutputStream:75 - [STDERR_REDIRECT] 
