2024-10-16 06:40:40,391 [INFO] Activator:176 - 


2024-10-16 06:40:40,393 [INFO] Activator:177 - !SESSION log4j initialized
2024-10-16 06:40:42,990 [INFO] LogOutputStream:77 - [STDOUT_REDIRECT] 
2024-10-16 06:40:51,330 [INFO] ApplicationProperties:184 - Using Application install path: C:\ST\STM32CubeIDE_1.16.0\STM32CubeIDE\plugins\com.st.stm32cube.common.mx_6.12.0.202406281431
2024-10-16 06:40:51,352 [INFO] DbMcusXml:78 - Set database path to: C:\ST\STM32CubeIDE_1.16.0\STM32CubeIDE\plugins\com.st.stm32cube.common.mx_6.12.0.202406281431\\db\/mcu/
2024-10-16 06:40:51,354 [INFO] ApiDb:274 - Set plugin database path to: C:\ST\STM32CubeIDE_1.16.0\STM32CubeIDE\plugins\com.st.stm32cube.common.mx_6.12.0.202406281431\\db\/plugins/boardmanager/
2024-10-16 06:40:51,355 [WARN] ApiDb:259 - Overriding images path with different value:  => C:\ST\STM32CubeIDE_1.16.0\STM32CubeIDE\plugins\com.st.stm32cube.common.mx_6.12.0.202406281431\\db\/plugins/mcufinder/images/
2024-10-16 06:40:51,364 [INFO] ApiDb:250 - Set database path to: C:\Users\Admin\.stmcufinder\plugins\mcufinder//mcu/
2024-10-16 06:40:51,367 [INFO] DbMcusAds:125 - Set database path to: C:\Users\Admin\.stmcufinder\plugins\mcufinder//mcu/
2024-10-16 06:40:51,370 [INFO] CrossReferenceDbSqlite:203 - Set database path to: C:\Users\Admin\.stmcufinder\plugins\mcufinder//mcu/cs/
2024-10-16 06:40:51,561 [INFO] RulesReader:64 - Compatibility file has been processed (297 Rules)
2024-10-16 06:40:51,694 [INFO] DbMcusXml:78 - Set database path to: C:\ST\STM32CubeIDE_1.16.0\STM32CubeIDE\plugins\com.st.stm32cube.common.mx_6.12.0.202406281431\\db\/mcu/
2024-10-16 06:40:51,694 [INFO] ApiDb:274 - Set plugin database path to: C:\ST\STM32CubeIDE_1.16.0\STM32CubeIDE\plugins\com.st.stm32cube.common.mx_6.12.0.202406281431\\db\/plugins/boardmanager/
2024-10-16 06:40:51,694 [INFO] ApiDb:261 - Set plugin images path to: C:\ST\STM32CubeIDE_1.16.0\STM32CubeIDE\plugins\com.st.stm32cube.common.mx_6.12.0.202406281431\\db\/plugins/mcufinder/images/
2024-10-16 06:40:51,695 [WARN] DbFile:41 - Overriding database path with different value: C:\Users\Admin\.stmcufinder\plugins\mcufinder/ => C:\Users\Admin\.stmcufinder\plugins\mcufinder
2024-10-16 06:40:51,695 [INFO] ApiDb:250 - Set database path to: C:\Users\Admin\.stmcufinder\plugins\mcufinder//mcu/
2024-10-16 06:40:51,695 [WARN] DbFile:41 - Overriding database path with different value: C:\Users\Admin\.stmcufinder\plugins\mcufinder/ => C:\Users\Admin\.stmcufinder\plugins\mcufinder
2024-10-16 06:40:51,695 [INFO] DbMcusAds:125 - Set database path to: C:\Users\Admin\.stmcufinder\plugins\mcufinder//mcu/
2024-10-16 06:40:51,695 [WARN] DbFile:41 - Overriding database path with different value: C:\Users\Admin\.stmcufinder\plugins\mcufinder/ => C:\Users\Admin\.stmcufinder\plugins\mcufinder
2024-10-16 06:40:51,695 [WARN] DbFile:41 - Overriding database path with different value: C:\Users\Admin\.stmcufinder\plugins\mcufinder/ => C:\Users\Admin\.stmcufinder\plugins\mcufinder
2024-10-16 06:40:51,696 [INFO] CrossReferenceDbSqlite:203 - Set database path to: C:\Users\Admin\.stmcufinder\plugins\mcufinder//mcu/cs/
2024-10-16 06:40:51,906 [INFO] MainPanel:268 - HeapMemory: 268435456
2024-10-16 06:40:52,035 [INFO] DbMcusXml:78 - Set database path to: C:\ST\STM32CubeIDE_1.16.0\STM32CubeIDE\plugins\com.st.stm32cube.common.mx_6.12.0.202406281431\\db\/mcu/
2024-10-16 06:40:52,035 [INFO] ApiDb:274 - Set plugin database path to: C:\ST\STM32CubeIDE_1.16.0\STM32CubeIDE\plugins\com.st.stm32cube.common.mx_6.12.0.202406281431\\db\/plugins/boardmanager/
2024-10-16 06:40:52,036 [INFO] ApiDb:261 - Set plugin images path to: C:\ST\STM32CubeIDE_1.16.0\STM32CubeIDE\plugins\com.st.stm32cube.common.mx_6.12.0.202406281431\\db\/plugins/mcufinder/images/
2024-10-16 06:40:52,036 [WARN] DbFile:41 - Overriding database path with different value: C:\Users\Admin\.stmcufinder\plugins\mcufinder/ => C:\Users\Admin\.stmcufinder\plugins\mcufinder
2024-10-16 06:40:52,037 [INFO] ApiDb:250 - Set database path to: C:\Users\Admin\.stmcufinder\plugins\mcufinder//mcu/
2024-10-16 06:40:52,037 [WARN] DbFile:41 - Overriding database path with different value: C:\Users\Admin\.stmcufinder\plugins\mcufinder/ => C:\Users\Admin\.stmcufinder\plugins\mcufinder
2024-10-16 06:40:52,037 [INFO] DbMcusAds:125 - Set database path to: C:\Users\Admin\.stmcufinder\plugins\mcufinder//mcu/
2024-10-16 06:40:52,037 [WARN] DbFile:41 - Overriding database path with different value: C:\Users\Admin\.stmcufinder\plugins\mcufinder/ => C:\Users\Admin\.stmcufinder\plugins\mcufinder
2024-10-16 06:40:52,037 [WARN] DbFile:41 - Overriding database path with different value: C:\Users\Admin\.stmcufinder\plugins\mcufinder/ => C:\Users\Admin\.stmcufinder\plugins\mcufinder
2024-10-16 06:40:52,037 [INFO] CrossReferenceDbSqlite:203 - Set database path to: C:\Users\Admin\.stmcufinder\plugins\mcufinder//mcu/cs/
2024-10-16 06:40:52,067 [INFO] ApplicationProperties:184 - Using Application install path: C:\ST\STM32CubeIDE_1.16.0\STM32CubeIDE\plugins\com.st.stm32cube.common.mx_6.12.0.202406281431
2024-10-16 06:40:52,069 [INFO] PluginManage:196 - Search for loadable plugins [exclusion list=, ]
2024-10-16 06:40:52,072 [INFO] PluginManage:310 - Check plugin analytics
2024-10-16 06:40:52,331 [INFO] AnalyticsPlugin:253 - Accepted Software Licenses: 
2024-10-16 06:40:52,332 [INFO] AnalyticsPlugin:255 - Accepted CMSIS Pack Licenses: 
2024-10-16 06:40:52,332 [INFO] AnalyticsPlugin:257 - Accepted Firmware Licenses: FW.F4.1.28.0
2024-10-16 06:40:52,337 [INFO] PluginManage:359 - Loaded plugin analytics (category:tool,tabindex:-1)
2024-10-16 06:40:52,337 [INFO] PluginManage:310 - Check plugin cadmodel
2024-10-16 06:40:52,342 [INFO] CADModel:105 - Init CAD model plugin
2024-10-16 06:40:52,342 [INFO] PluginManage:359 - Loaded plugin cadmodel (category:power,tabindex:5)
2024-10-16 06:40:52,343 [INFO] PluginManage:310 - Check plugin clock
2024-10-16 06:40:52,355 [INFO] PluginManage:359 - Loaded plugin clock (category:base,tabindex:2)
2024-10-16 06:40:52,355 [INFO] PluginManage:310 - Check plugin ddr
2024-10-16 06:40:52,360 [INFO] PluginManage:359 - Loaded plugin ddr (category:tool,tabindex:6)
2024-10-16 06:40:52,360 [INFO] PluginManage:310 - Check plugin filemanager
2024-10-16 06:40:52,553 [INFO] PluginManage:359 - Loaded plugin filemanager (category:base,tabindex:10)
2024-10-16 06:40:52,553 [INFO] PluginManage:310 - Check plugin ipmanager
2024-10-16 06:40:52,565 [INFO] PluginManage:359 - Loaded plugin ipmanager (category:base,tabindex:5)
2024-10-16 06:40:52,565 [INFO] PluginManage:310 - Check plugin lpbam
2024-10-16 06:40:52,578 [INFO] PluginManage:359 - Loaded plugin lpbam (category:base,tabindex:0)
2024-10-16 06:40:52,578 [INFO] PluginManage:310 - Check plugin memorymap
2024-10-16 06:40:52,594 [INFO] PluginManage:359 - Loaded plugin memorymap (category:base,tabindex:4)
2024-10-16 06:40:52,594 [INFO] PluginManage:310 - Check plugin pinoutandconfiguration
2024-10-16 06:40:52,608 [INFO] PluginManage:359 - Loaded plugin pinoutandconfiguration (category:base,tabindex:1)
2024-10-16 06:40:52,608 [INFO] PluginManage:310 - Check plugin pinoutconfig
2024-10-16 06:40:52,740 [WARN] SupportedApi:132 - Cannot load RTOS API schema: s4s-elt-must-match.1: The content of 'definitions' must match (annotation?, (simpleType | complexType)?, (unique | key | keyref)*)). A problem was found starting at: attribute.
2024-10-16 06:40:52,943 [INFO] PluginManage:359 - Loaded plugin pinoutconfig (category:base,tabindex:0)
2024-10-16 06:40:52,944 [INFO] PluginManage:310 - Check plugin power
2024-10-16 06:40:52,958 [INFO] PluginManage:359 - Loaded plugin power (category:power,tabindex:4)
2024-10-16 06:40:52,958 [INFO] PluginManage:310 - Check plugin projectmanager
2024-10-16 06:40:52,994 [INFO] PluginManage:359 - Loaded plugin projectmanager (category:projectmanager,tabindex:4)
2024-10-16 06:40:52,994 [INFO] PluginManage:310 - Check plugin rif
2024-10-16 06:40:53,001 [INFO] PluginManage:359 - Loaded plugin rif (category:base,tabindex:3)
2024-10-16 06:40:53,001 [INFO] PluginManage:310 - Check plugin thirdparty
2024-10-16 06:40:53,201 [INFO] PluginManage:359 - Loaded plugin thirdparty (category:base,tabindex:-1)
2024-10-16 06:40:53,201 [WARN] IntegrityCheckThread:84 - waiting for thirdparty lock release [integrity check]
2024-10-16 06:40:53,202 [INFO] PluginManage:310 - Check plugin tools
2024-10-16 06:40:53,202 [INFO] IntegrityCheckThread:86 - entering critical section [integrity check]
2024-10-16 06:40:53,202 [INFO] ThirdPartyUpdaterWithRetryManager:70 - Updater plugin not ready yet. [1/15]
2024-10-16 06:40:53,207 [INFO] PluginManage:359 - Loaded plugin tools (category:base,tabindex:7)
2024-10-16 06:40:53,207 [INFO] PluginManage:310 - Check plugin tutovideos
2024-10-16 06:40:53,481 [INFO] PluginManage:359 - Loaded plugin tutovideos (category:base,tabindex:-1)
2024-10-16 06:40:53,482 [INFO] PluginManage:310 - Check plugin updater
2024-10-16 06:40:53,504 [INFO] PluginManage:359 - Loaded plugin updater (category:base,tabindex:12)
2024-10-16 06:40:53,505 [INFO] PluginManage:310 - Check plugin userauth
2024-10-16 06:40:53,511 [INFO] UserAuth:113 - Init User Auth plugin
2024-10-16 06:40:53,512 [INFO] PluginManage:359 - Loaded plugin userauth (category:base,tabindex:14)
2024-10-16 06:40:53,512 [INFO] PluginManage:283 - PluginManage : Loaded plugins [18]
2024-10-16 06:40:53,851 [INFO] PinOutPanel:1561 - setPackage(No Configuration,No Configuration)
2024-10-16 06:40:54,034 [INFO] CADModel:165 - CPN selected for project level
2024-10-16 06:40:54,034 [INFO] CADModel:114 - Register for checkConnection events
2024-10-16 06:40:54,053 [INFO] IPUIPlugin:80 - create IPUIPlugin
2024-10-16 06:40:54,054 [INFO] PluginManager:220 - loadIPPluginJar : add adc
2024-10-16 06:40:54,057 [INFO] IPUIPlugin:80 - create IPUIPlugin
2024-10-16 06:40:54,058 [INFO] PluginManager:220 - loadIPPluginJar : add aes
2024-10-16 06:40:54,062 [INFO] IPUIPlugin:80 - create IPUIPlugin
2024-10-16 06:40:54,062 [INFO] PluginManager:220 - loadIPPluginJar : add can
2024-10-16 06:40:54,064 [INFO] IPUIPlugin:80 - create IPUIPlugin
2024-10-16 06:40:54,064 [INFO] PluginManager:220 - loadIPPluginJar : add comp
2024-10-16 06:40:54,068 [INFO] IPUIPlugin:80 - create IPUIPlugin
2024-10-16 06:40:54,069 [INFO] PluginManager:220 - loadIPPluginJar : add cryp
2024-10-16 06:40:54,072 [INFO] IPUIPlugin:80 - create IPUIPlugin
2024-10-16 06:40:54,072 [INFO] PluginManager:220 - loadIPPluginJar : add ddr_ctrl_phy
2024-10-16 06:40:54,077 [INFO] IPUIPlugin:80 - create IPUIPlugin
2024-10-16 06:40:54,077 [INFO] PluginManager:220 - loadIPPluginJar : add dfsdm
2024-10-16 06:40:54,084 [INFO] IPUIPlugin:80 - create IPUIPlugin
2024-10-16 06:40:54,086 [INFO] PluginManager:220 - loadIPPluginJar : add dma
2024-10-16 06:40:54,090 [INFO] IPUIPlugin:80 - create IPUIPlugin
2024-10-16 06:40:54,090 [INFO] PluginManager:220 - loadIPPluginJar : add dma3
2024-10-16 06:40:54,094 [INFO] IPUIPlugin:80 - create IPUIPlugin
2024-10-16 06:40:54,095 [INFO] PluginManager:220 - loadIPPluginJar : add extmemmanager
2024-10-16 06:40:54,098 [INFO] IPUIPlugin:80 - create IPUIPlugin
2024-10-16 06:40:54,098 [INFO] PluginManager:220 - loadIPPluginJar : add fatfs
2024-10-16 06:40:54,105 [INFO] IPUIPlugin:80 - create IPUIPlugin
2024-10-16 06:40:54,105 [INFO] PluginManager:220 - loadIPPluginJar : add fmc
2024-10-16 06:40:54,110 [INFO] IPUIPlugin:80 - create IPUIPlugin
2024-10-16 06:40:54,112 [INFO] PluginManager:220 - loadIPPluginJar : add freertos
2024-10-16 06:40:54,114 [INFO] IPUIPlugin:80 - create IPUIPlugin
2024-10-16 06:40:54,115 [INFO] PluginManager:220 - loadIPPluginJar : add genericplugin
2024-10-16 06:40:54,118 [INFO] IPUIPlugin:80 - create IPUIPlugin
2024-10-16 06:40:54,118 [INFO] PluginManager:220 - loadIPPluginJar : add gfxmmu
2024-10-16 06:40:54,126 [INFO] IPUIPlugin:80 - create IPUIPlugin
2024-10-16 06:40:54,126 [INFO] PluginManager:220 - loadIPPluginJar : add gic
2024-10-16 06:40:54,131 [INFO] IPUIPlugin:80 - create IPUIPlugin
2024-10-16 06:40:54,131 [INFO] PluginManager:220 - loadIPPluginJar : add gpio
2024-10-16 06:40:54,136 [INFO] IPUIPlugin:80 - create IPUIPlugin
2024-10-16 06:40:54,137 [INFO] PluginManager:220 - loadIPPluginJar : add gtzc
2024-10-16 06:40:54,140 [INFO] IPUIPlugin:80 - create IPUIPlugin
2024-10-16 06:40:54,140 [INFO] PluginManager:220 - loadIPPluginJar : add hash
2024-10-16 06:40:54,145 [INFO] IPUIPlugin:80 - create IPUIPlugin
2024-10-16 06:40:54,145 [INFO] PluginManager:220 - loadIPPluginJar : add i2c
2024-10-16 06:40:54,150 [INFO] IPUIPlugin:80 - create IPUIPlugin
2024-10-16 06:40:54,150 [INFO] PluginManager:220 - loadIPPluginJar : add i2s
2024-10-16 06:40:54,154 [INFO] IPUIPlugin:80 - create IPUIPlugin
2024-10-16 06:40:54,154 [INFO] PluginManager:220 - loadIPPluginJar : add i3c
2024-10-16 06:40:54,159 [INFO] IPUIPlugin:80 - create IPUIPlugin
2024-10-16 06:40:54,159 [INFO] PluginManager:220 - loadIPPluginJar : add ipddr
2024-10-16 06:40:54,169 [INFO] IPUIPlugin:80 - create IPUIPlugin
2024-10-16 06:40:54,170 [INFO] PluginManager:220 - loadIPPluginJar : add linkedlist
2024-10-16 06:40:54,174 [INFO] IPUIPlugin:80 - create IPUIPlugin
2024-10-16 06:40:54,174 [INFO] PluginManager:220 - loadIPPluginJar : add lorawan
2024-10-16 06:40:54,176 [INFO] IPUIPlugin:80 - create IPUIPlugin
2024-10-16 06:40:54,176 [INFO] PluginManager:220 - loadIPPluginJar : add ltdc
2024-10-16 06:40:54,184 [INFO] IPUIPlugin:80 - create IPUIPlugin
2024-10-16 06:40:54,184 [INFO] PluginManager:220 - loadIPPluginJar : add mdma
2024-10-16 06:40:54,189 [INFO] IPUIPlugin:80 - create IPUIPlugin
2024-10-16 06:40:54,189 [INFO] PluginManager:220 - loadIPPluginJar : add nvic
2024-10-16 06:40:54,193 [INFO] IPUIPlugin:80 - create IPUIPlugin
2024-10-16 06:40:54,193 [INFO] PluginManager:220 - loadIPPluginJar : add opamp
2024-10-16 06:40:54,199 [INFO] IPUIPlugin:80 - create IPUIPlugin
2024-10-16 06:40:54,199 [INFO] PluginManager:220 - loadIPPluginJar : add openamp
2024-10-16 06:40:54,203 [INFO] IPUIPlugin:80 - create IPUIPlugin
2024-10-16 06:40:54,203 [INFO] PluginManager:220 - loadIPPluginJar : add pdm2pcm
2024-10-16 06:40:54,212 [INFO] IPUIPlugin:80 - create IPUIPlugin
2024-10-16 06:40:54,214 [INFO] PluginManager:220 - loadIPPluginJar : add plateformsettings
2024-10-16 06:40:54,217 [INFO] IPUIPlugin:80 - create IPUIPlugin
2024-10-16 06:40:54,217 [INFO] PluginManager:220 - loadIPPluginJar : add quadspi
2024-10-16 06:40:54,220 [INFO] IPUIPlugin:80 - create IPUIPlugin
2024-10-16 06:40:54,221 [INFO] PluginManager:220 - loadIPPluginJar : add radio
2024-10-16 06:40:54,225 [INFO] IPUIPlugin:80 - create IPUIPlugin
2024-10-16 06:40:54,225 [INFO] PluginManager:220 - loadIPPluginJar : add resmgrutility
2024-10-16 06:40:54,230 [INFO] IPUIPlugin:80 - create IPUIPlugin
2024-10-16 06:40:54,230 [INFO] PluginManager:220 - loadIPPluginJar : add sai
2024-10-16 06:40:54,233 [INFO] IPUIPlugin:80 - create IPUIPlugin
2024-10-16 06:40:54,234 [INFO] PluginManager:220 - loadIPPluginJar : add spi
2024-10-16 06:40:54,242 [INFO] IPUIPlugin:80 - create IPUIPlugin
2024-10-16 06:40:54,242 [INFO] PluginManager:220 - loadIPPluginJar : add stm32_wpan
2024-10-16 06:40:54,245 [INFO] IPUIPlugin:80 - create IPUIPlugin
2024-10-16 06:40:54,245 [INFO] PluginManager:220 - loadIPPluginJar : add tim
2024-10-16 06:40:54,249 [INFO] IPUIPlugin:80 - create IPUIPlugin
2024-10-16 06:40:54,250 [INFO] PluginManager:220 - loadIPPluginJar : add touchsensing
2024-10-16 06:40:54,253 [INFO] IPUIPlugin:80 - create IPUIPlugin
2024-10-16 06:40:54,253 [INFO] PluginManager:220 - loadIPPluginJar : add tracer_emb
2024-10-16 06:40:54,256 [INFO] IPUIPlugin:80 - create IPUIPlugin
2024-10-16 06:40:54,256 [INFO] PluginManager:220 - loadIPPluginJar : add ts
2024-10-16 06:40:54,258 [INFO] IPUIPlugin:80 - create IPUIPlugin
2024-10-16 06:40:54,258 [INFO] PluginManager:220 - loadIPPluginJar : add tsc
2024-10-16 06:40:54,261 [INFO] IPUIPlugin:80 - create IPUIPlugin
2024-10-16 06:40:54,261 [INFO] PluginManager:220 - loadIPPluginJar : add ucpd
2024-10-16 06:40:54,265 [INFO] IPUIPlugin:80 - create IPUIPlugin
2024-10-16 06:40:54,265 [INFO] PluginManager:220 - loadIPPluginJar : add usart
2024-10-16 06:40:54,270 [INFO] IPUIPlugin:80 - create IPUIPlugin
2024-10-16 06:40:54,270 [INFO] PluginManager:220 - loadIPPluginJar : add usbx
2024-10-16 06:40:54,413 [INFO] CADModel:165 - CPN selected for project level
2024-10-16 06:40:54,413 [INFO] CADModel:114 - Register for checkConnection events
2024-10-16 06:40:54,414 [FATAL] Updater:334 - Updater called before beeing initialized
2024-10-16 06:40:54,414 [ERROR] CADModel:125 - Updater not yet initialized, retry later 
2024-10-16 06:40:54,548 [INFO] CADModel:165 - CPN selected for project level
2024-10-16 06:40:54,548 [INFO] CADModel:114 - Register for checkConnection events
2024-10-16 06:40:54,548 [FATAL] Updater:334 - Updater called before beeing initialized
2024-10-16 06:40:54,548 [ERROR] CADModel:125 - Updater not yet initialized, retry later 
2024-10-16 06:40:54,552 [FATAL] Updater:334 - Updater called before beeing initialized
2024-10-16 06:40:54,690 [FATAL] Updater:334 - Updater called before beeing initialized
2024-10-16 06:40:54,695 [INFO] DbMcusAds:53 - JSON generation date=Thu May 16 12:22:00 EEST 2024 (1715851320667)
2024-10-16 06:40:54,696 [FATAL] Updater:334 - Updater called before beeing initialized
2024-10-16 06:40:54,731 [WARN] DetailPanel:346 - Failed to get advertising image, set to default
2024-10-16 06:40:54,826 [FATAL] Updater:334 - Updater called before beeing initialized
2024-10-16 06:40:54,828 [FATAL] Updater:334 - Updater called before beeing initialized
2024-10-16 06:40:54,828 [FATAL] Updater:334 - Updater called before beeing initialized
2024-10-16 06:40:54,828 [WARN] DetailPanel:346 - Failed to get advertising image, set to default
2024-10-16 06:40:54,829 [FATAL] Updater:334 - Updater called before beeing initialized
2024-10-16 06:40:54,873 [ERROR] Updater:1164 - MainUpdater not yet initialized. External WinMGr cannot be set.
2024-10-16 06:40:54,876 [INFO] Updater:1100 - Updater Version found : 6.12.0
2024-10-16 06:40:54,888 [INFO] ApplicationProperties:184 - Using Application install path: C:\ST\STM32CubeIDE_1.16.0\STM32CubeIDE\plugins\com.st.stm32cube.common.mx_6.12.0.202406281431
2024-10-16 06:40:56,216 [INFO] ThirdPartyUpdaterWithRetryManager:70 - Updater plugin not ready yet. [2/15]
2024-10-16 06:40:56,489 [ERROR] LogOutputStream:75 - [STDERR_REDIRECT] Oct 16, 2024 6:40:56 AM java.util.prefs.WindowsPreferences <init>
2024-10-16 06:40:56,492 [ERROR] LogOutputStream:75 - [STDERR_REDIRECT] WARNING: Could not open/create prefs root node Software\JavaSoft\Prefs at root 0xffffffff80000002. Windows RegCreateKeyEx(...) returned error code 5.
2024-10-16 06:40:56,492 [ERROR] LogOutputStream:75 - [STDERR_REDIRECT] 
2024-10-16 06:40:56,862 [INFO] MainUpdater:2873 - connection check result : 10
2024-10-16 06:40:56,865 [INFO] MainUpdater:290 - Updater Check For Update Now.
2024-10-16 06:40:56,865 [INFO] MicroXplorer:498 - Change Database Version : DB.6.0.120
2024-10-16 06:40:56,872 [INFO] McuFinderGlobals:63 - Set McuFinder mode to 2 (CubeIDE integrated)
2024-10-16 06:40:56,872 [INFO] McuFinderGlobals:63 - Set McuFinder mode to 2 (CubeIDE integrated)
2024-10-16 06:40:56,873 [INFO] UserAuth:417 - Internet connection configuration mode: 1
2024-10-16 06:40:56,873 [INFO] UserAuth:417 - Internet connection configuration mode: 1
2024-10-16 06:40:56,892 [INFO] JxBrowserEngine:152 - Initiate JxBrowser Engine with user profile folder
2024-10-16 06:40:57,052 [INFO] CheckServerUpdateThread:120 - End of CheckServer Thread
2024-10-16 06:40:57,653 [INFO] WebApp:167 - Instantiating new browser for Auth
2024-10-16 06:40:58,502 [INFO] WebApp:448 - Apply proxy settings
2024-10-16 06:40:58,502 [INFO] WebApp:533 - Chromium requires no authentication
2024-10-16 06:40:58,511 [INFO] WebApp:476 - Direct internet connection detected
2024-10-16 06:40:58,536 [INFO] WebApp:869 - Register for checkConnection events
2024-10-16 06:40:58,536 [INFO] WebApp:448 - Apply proxy settings
2024-10-16 06:40:58,536 [INFO] WebApp:533 - Chromium requires no authentication
2024-10-16 06:40:58,537 [INFO] WebApp:476 - Direct internet connection detected
2024-10-16 06:40:58,682 [INFO] WebApp:220 - Starting web application
2024-10-16 06:40:58,683 [INFO] WebApp:578 - Web application path used C:\ST\STM32CubeIDE_1.16.0\STM32CubeIDE\plugins\com.st.stm32cube.common.mx_6.12.0.202406281431\db\plugins\mcufinder\reactClient1\index.html
2024-10-16 06:40:58,778 [INFO] UserAuth:417 - Internet connection configuration mode: 1
2024-10-16 06:40:59,066 [INFO] WebApp:186 - Connection restablished
2024-10-16 06:40:59,509 [WARN] PackLoader:240 - Cannot read IP mode file for STMicroelectronics.FP-SNS-MOTENVWB1.1.4.0
2024-10-16 06:40:59,524 [WARN] PackLoader:240 - Cannot read IP mode file for STMicroelectronics.X-CUBE-SMBUS.2.1.0
2024-10-16 06:40:59,539 [WARN] PackLoader:240 - Cannot read IP mode file for STMicroelectronics.X-CUBE-WB05N.1.1.0
2024-10-16 06:40:59,582 [WARN] PackLoader:240 - Cannot read IP mode file for STMicroelectronics.X-CUBE-AZRTOS-F7.1.1.0
2024-10-16 06:40:59,671 [WARN] PackLoader:240 - Cannot read IP mode file for STMicroelectronics.X-CUBE-MEMS1.11.0.0
2024-10-16 06:40:59,911 [WARN] PackLoader:240 - Cannot read IP mode file for STMicroelectronics.FP-SNS-FLIGHT1.5.0.2
2024-10-16 06:40:59,922 [WARN] PackLoader:240 - Cannot read IP mode file for STMicroelectronics.X-CUBE-DISPLAY.3.0.0
2024-10-16 06:40:59,930 [WARN] PackLoader:240 - Cannot read IP mode file for STMicroelectronics.X-CUBE-BLE1.7.0.0
2024-10-16 06:40:59,939 [WARN] PackLoader:240 - Cannot read IP mode file for STMicroelectronics.X-CUBE-NFC10.1.0.0
2024-10-16 06:40:59,947 [WARN] PackLoader:240 - Cannot read IP mode file for emotas.I-CUBE-CANOPEN.1.3.0
2024-10-16 06:40:59,959 [WARN] PackLoader:240 - Cannot read IP mode file for STMicroelectronics.X-CUBE-BLEMGR.3.1.0
2024-10-16 06:40:59,970 [WARN] PackLoader:240 - Cannot read IP mode file for STMicroelectronics.FP-SNS-SMARTAG2.1.2.0
2024-10-16 06:40:59,982 [INFO] LogOutputStream:77 - [STDOUT_REDIRECT] 1 : Invalid condition id : UX_CORESTACK_Condition cause : null
2024-10-16 06:40:59,984 [INFO] LogOutputStream:77 - [STDOUT_REDIRECT] 1 : Invalid condition id : UX_CORESTACK_Condition cause : null
2024-10-16 06:40:59,986 [INFO] LogOutputStream:77 - [STDOUT_REDIRECT] 1 : Invalid condition id : UX_CORESTACK_Condition cause : null
2024-10-16 06:40:59,988 [INFO] LogOutputStream:77 - [STDOUT_REDIRECT] 1 : Invalid condition id : UX_CORESTACK_Condition cause : null
2024-10-16 06:40:59,990 [INFO] LogOutputStream:77 - [STDOUT_REDIRECT] 1 : Invalid condition id : UX_CORESTACK_Condition cause : null
2024-10-16 06:40:59,993 [WARN] PackLoader:240 - Cannot read IP mode file for STMicroelectronics.X-CUBE-AZRTOS-WL.2.0.0
2024-10-16 06:41:00,002 [WARN] PackLoader:240 - Cannot read IP mode file for STMicroelectronics.FP-SNS-MOTENV1.5.0.0
2024-10-16 06:41:00,009 [WARN] PackLoader:240 - Cannot read IP mode file for wolfSSL.I-CUBE-wolfMQTT.1.19.0
2024-10-16 06:41:00,022 [WARN] PackLoader:240 - Cannot read IP mode file for WES.I-CUBE-Cesium.1.3.0
2024-10-16 06:41:00,029 [WARN] PackLoader:240 - Cannot read IP mode file for STMicroelectronics.X-CUBE-BLE2.3.3.0
2024-10-16 06:41:00,042 [WARN] PackLoader:240 - Cannot read IP mode file for STMicroelectronics.X-CUBE-NFC9.1.0.0
2024-10-16 06:41:00,052 [WARN] PackLoader:240 - Cannot read IP mode file for STMicroelectronics.X-CUBE-TCPP.4.1.0
2024-10-16 06:41:00,073 [WARN] PackLoader:240 - Cannot read IP mode file for STMicroelectronics.X-CUBE-AZRTOS-G0.1.1.0
2024-10-16 06:41:00,084 [WARN] PackLoader:240 - Cannot read IP mode file for STMicroelectronics.X-CUBE-SAFEA1.1.2.2
2024-10-16 06:41:00,091 [WARN] PackLoader:240 - Cannot read IP mode file for STMicroelectronics.X-CUBE-NFC4.3.0.0
2024-10-16 06:41:00,103 [WARN] PackLoader:240 - Cannot read IP mode file for EmbeddedOffice.I-CUBE-FS-RTOS.1.0.1
2024-10-16 06:41:00,104 [ERROR] ConditionMgr:805 - Attr not supported : Dmpu
2024-10-16 06:41:00,104 [ERROR] ConditionMgr:805 - Attr not supported : Dmpu
2024-10-16 06:41:00,105 [ERROR] ConditionMgr:805 - Attr not supported : Dmpu
2024-10-16 06:41:00,105 [ERROR] ConditionMgr:805 - Attr not supported : Dmpu
2024-10-16 06:41:00,105 [ERROR] ConditionMgr:805 - Attr not supported : Dmpu
2024-10-16 06:41:00,105 [ERROR] ConditionMgr:805 - Attr not supported : Dmpu
2024-10-16 06:41:00,106 [ERROR] ConditionMgr:805 - Attr not supported : Dmpu
2024-10-16 06:41:00,107 [ERROR] ConditionMgr:805 - Attr not supported : Dmpu
2024-10-16 06:41:00,107 [ERROR] ConditionMgr:805 - Attr not supported : Dmpu
2024-10-16 06:41:00,108 [ERROR] ConditionMgr:805 - Attr not supported : Dmpu
2024-10-16 06:41:00,108 [ERROR] ConditionMgr:805 - Attr not supported : Dmpu
2024-10-16 06:41:00,109 [ERROR] ConditionMgr:805 - Attr not supported : Dmpu
2024-10-16 06:41:00,109 [ERROR] ConditionMgr:805 - Attr not supported : Dmpu
2024-10-16 06:41:00,109 [ERROR] ConditionMgr:805 - Attr not supported : Dmpu
2024-10-16 06:41:00,109 [ERROR] ConditionMgr:805 - Attr not supported : Dmpu
2024-10-16 06:41:00,109 [ERROR] ConditionMgr:805 - Attr not supported : Dmpu
2024-10-16 06:41:00,109 [ERROR] ConditionMgr:805 - Attr not supported : Dmpu
2024-10-16 06:41:00,109 [ERROR] ConditionMgr:805 - Attr not supported : Dmpu
2024-10-16 06:41:00,109 [ERROR] ConditionMgr:805 - Attr not supported : Dmpu
2024-10-16 06:41:00,109 [ERROR] ConditionMgr:805 - Attr not supported : Dmpu
2024-10-16 06:41:00,109 [ERROR] ConditionMgr:805 - Attr not supported : Dmpu
2024-10-16 06:41:00,110 [ERROR] ConditionMgr:805 - Attr not supported : Dmpu
2024-10-16 06:41:00,110 [ERROR] ConditionMgr:805 - Attr not supported : Dmpu
2024-10-16 06:41:00,110 [ERROR] ConditionMgr:805 - Attr not supported : Dmpu
2024-10-16 06:41:00,110 [ERROR] ConditionMgr:805 - Attr not supported : Dmpu
2024-10-16 06:41:00,111 [ERROR] ConditionMgr:805 - Attr not supported : Dmpu
2024-10-16 06:41:00,111 [ERROR] ConditionMgr:805 - Attr not supported : Dmpu
2024-10-16 06:41:00,111 [ERROR] ConditionMgr:805 - Attr not supported : Dmpu
2024-10-16 06:41:00,112 [ERROR] ConditionMgr:805 - Attr not supported : Dmpu
2024-10-16 06:41:00,112 [ERROR] ConditionMgr:805 - Attr not supported : Dmpu
2024-10-16 06:41:00,113 [ERROR] ConditionMgr:805 - Attr not supported : Dmpu
2024-10-16 06:41:00,113 [ERROR] ConditionMgr:805 - Attr not supported : Dmpu
2024-10-16 06:41:00,113 [ERROR] ConditionMgr:805 - Attr not supported : Dmpu
2024-10-16 06:41:00,113 [ERROR] ConditionMgr:805 - Attr not supported : Dmpu
2024-10-16 06:41:00,113 [ERROR] ConditionMgr:805 - Attr not supported : Dmpu
2024-10-16 06:41:00,113 [ERROR] ConditionMgr:805 - Attr not supported : Dmpu
2024-10-16 06:41:00,114 [ERROR] ConditionMgr:805 - Attr not supported : Dmpu
2024-10-16 06:41:00,114 [ERROR] ConditionMgr:805 - Attr not supported : Dmpu
2024-10-16 06:41:00,115 [ERROR] ConditionMgr:805 - Attr not supported : Dmpu
2024-10-16 06:41:00,118 [ERROR] ConditionMgr:805 - Attr not supported : Dmpu
2024-10-16 06:41:00,118 [ERROR] ConditionMgr:805 - Attr not supported : Dmpu
2024-10-16 06:41:00,119 [ERROR] ConditionMgr:805 - Attr not supported : Dmpu
2024-10-16 06:41:00,119 [ERROR] ConditionMgr:805 - Attr not supported : Dmpu
2024-10-16 06:41:00,119 [ERROR] ConditionMgr:805 - Attr not supported : Dmpu
2024-10-16 06:41:00,119 [ERROR] ConditionMgr:805 - Attr not supported : Dmpu
2024-10-16 06:41:00,119 [ERROR] ConditionMgr:805 - Attr not supported : Dmpu
2024-10-16 06:41:00,120 [ERROR] ConditionMgr:805 - Attr not supported : Dmpu
2024-10-16 06:41:00,120 [ERROR] ConditionMgr:805 - Attr not supported : Dmpu
2024-10-16 06:41:00,120 [ERROR] ConditionMgr:805 - Attr not supported : Dmpu
2024-10-16 06:41:00,120 [ERROR] ConditionMgr:805 - Attr not supported : Dmpu
2024-10-16 06:41:00,120 [ERROR] ConditionMgr:805 - Attr not supported : Dmpu
2024-10-16 06:41:00,120 [ERROR] ConditionMgr:805 - Attr not supported : Dmpu
2024-10-16 06:41:00,120 [ERROR] ConditionMgr:805 - Attr not supported : Dmpu
2024-10-16 06:41:00,120 [ERROR] ConditionMgr:805 - Attr not supported : Dmpu
2024-10-16 06:41:00,120 [ERROR] ConditionMgr:805 - Attr not supported : Dmpu
2024-10-16 06:41:00,120 [ERROR] ConditionMgr:805 - Attr not supported : Dmpu
2024-10-16 06:41:00,121 [ERROR] ConditionMgr:805 - Attr not supported : Dmpu
2024-10-16 06:41:00,121 [ERROR] ConditionMgr:805 - Attr not supported : Dmpu
2024-10-16 06:41:00,121 [ERROR] ConditionMgr:805 - Attr not supported : Dmpu
2024-10-16 06:41:00,121 [ERROR] ConditionMgr:805 - Attr not supported : Dmpu
2024-10-16 06:41:00,121 [ERROR] ConditionMgr:805 - Attr not supported : Dmpu
2024-10-16 06:41:00,121 [ERROR] ConditionMgr:805 - Attr not supported : Dmpu
2024-10-16 06:41:00,121 [ERROR] ConditionMgr:805 - Attr not supported : Dmpu
2024-10-16 06:41:00,121 [ERROR] ConditionMgr:805 - Attr not supported : Dmpu
2024-10-16 06:41:00,126 [WARN] PackLoader:240 - Cannot read IP mode file for RealThread.X-CUBE-RT-Thread_Nano.4.1.1
2024-10-16 06:41:00,133 [WARN] PackLoader:240 - Cannot read IP mode file for STMicroelectronics.FP-ATR-SIGFOX1.3.2.0
2024-10-16 06:41:00,140 [WARN] PackLoader:240 - Cannot read IP mode file for wolfSSL.I-CUBE-wolfSSL.5.7.2
2024-10-16 06:41:00,147 [WARN] PackLoader:240 - Cannot read IP mode file for STMicroelectronics.X-CUBE-EEPRMA1.5.1.0
2024-10-16 06:41:00,156 [WARN] PackLoader:240 - Cannot read IP mode file for ITTIA_DB.I-CUBE-ITTIADB.8.9.0
2024-10-16 06:41:00,193 [WARN] PackLoader:240 - Cannot read IP mode file for SEGGER.I-CUBE-embOS.1.3.1
2024-10-16 06:41:00,262 [WARN] PackLoader:240 - Cannot read IP mode file for STMicroelectronics.X-CUBE-ALGOBUILD.1.4.0
2024-10-16 06:41:00,268 [WARN] PackLoader:240 - Cannot read IP mode file for STMicroelectronics.X-CUBE-AI.9.1.0
2024-10-16 06:41:00,286 [WARN] PackLoader:240 - Cannot read IP mode file for STMicroelectronics.X-CUBE-AZRTOS-F4.1.1.0
2024-10-16 06:41:00,293 [WARN] PackLoader:240 - Cannot read IP mode file for STMicroelectronics.X-CUBE-ISPU.2.1.0
2024-10-16 06:41:00,301 [WARN] PackLoader:240 - Cannot read IP mode file for STMicroelectronics.X-CUBE-FREERTOS.1.2.0
2024-10-16 06:41:00,317 [WARN] PackLoader:240 - Cannot read IP mode file for STMicroelectronics.X-CUBE-AZRTOS-L5.2.0.0
2024-10-16 06:41:00,327 [WARN] PackLoader:240 - Cannot read IP mode file for STMicroelectronics.X-CUBE-NFC6.3.1.0
2024-10-16 06:41:00,336 [WARN] PackLoader:240 - Cannot read IP mode file for STMicroelectronics.X-CUBE-DPower.1.2.0
2024-10-16 06:41:00,339 [WARN] PackLoader:240 - Cannot read IP mode file for STMicroelectronics.X-CUBE-AI.9.0.0
2024-10-16 06:41:00,346 [WARN] PackLoader:240 - Cannot read IP mode file for STMicroelectronics.X-CUBE-NFC7.1.0.1
2024-10-16 06:41:00,367 [WARN] ConditionMgr:438 - getConditionDescription Invalid condition id : LAN8742 Phy interface Condition cause : null
2024-10-16 06:41:00,368 [WARN] PackLoader:240 - Cannot read IP mode file for STMicroelectronics.X-CUBE-AZRTOS-L4.2.0.0
2024-10-16 06:41:00,370 [WARN] ConditionMgr:1039 - genDependencies : Invalid condition id : LAN8742 Phy interface Condition cause : null
2024-10-16 06:41:00,370 [WARN] ConditionMgr:1039 - genDependencies : Invalid condition id : LAN8742 Phy interface Condition cause : null
2024-10-16 06:41:00,371 [WARN] ConditionMgr:1039 - genDependencies : Invalid condition id : LAN8742 Phy interface Condition cause : null
2024-10-16 06:41:00,380 [WARN] PackLoader:240 - Cannot read IP mode file for STMicroelectronics.X-CUBE-SFXS2LP1.4.0.0
2024-10-16 06:41:00,403 [WARN] PackLoader:240 - Cannot read IP mode file for STMicroelectronics.X-CUBE-AZRTOS-H7.3.3.0
2024-10-16 06:41:00,420 [WARN] PackLoader:240 - Cannot read IP mode file for STMicroelectronics.X-CUBE-IPS.3.0.0
2024-10-16 06:41:00,439 [WARN] ConditionMgr:438 - getConditionDescription Invalid condition id : UX DEVICE CLASS RTOS Condition cause : null
2024-10-16 06:41:00,440 [WARN] ConditionMgr:438 - getConditionDescription Invalid condition id : UX DEVICE CLASS RTOS Condition cause : null
2024-10-16 06:41:00,442 [WARN] PackLoader:240 - Cannot read IP mode file for STMicroelectronics.X-CUBE-AZRTOS-WB.2.0.0
2024-10-16 06:41:00,443 [WARN] ConditionMgr:1039 - genDependencies : Invalid condition id : UX DEVICE CLASS RTOS Condition cause : null
2024-10-16 06:41:00,443 [WARN] ConditionMgr:1039 - genDependencies : Invalid condition id : UX DEVICE CLASS RTOS Condition cause : null
2024-10-16 06:41:00,443 [WARN] ConditionMgr:1039 - genDependencies : Invalid condition id : UX DEVICE CLASS RTOS Condition cause : null
2024-10-16 06:41:00,444 [WARN] ConditionMgr:1039 - genDependencies : Invalid condition id : UX DEVICE CLASS RTOS Condition cause : null
2024-10-16 06:41:00,444 [WARN] ConditionMgr:1039 - genDependencies : Invalid condition id : UX DEVICE CLASS RTOS Condition cause : null
2024-10-16 06:41:00,453 [WARN] PackLoader:240 - Cannot read IP mode file for STMicroelectronics.X-CUBE-GNSS1.7.0.0
2024-10-16 06:41:00,462 [WARN] PackLoader:240 - Cannot read IP mode file for STMicroelectronics.FP-SNS-STBOX1.2.0.0
2024-10-16 06:41:00,475 [WARN] PackLoader:240 - Cannot read IP mode file for STMicroelectronics.X-CUBE-SUBG2.5.0.0
2024-10-16 06:41:00,487 [WARN] PackLoader:240 - Cannot read IP mode file for Cesanta.I-CUBE-Mongoose.7.13.0
2024-10-16 06:41:00,504 [WARN] PackLoader:240 - Cannot read IP mode file for STMicroelectronics.X-CUBE-AZRTOS-G4.2.0.0
2024-10-16 06:41:00,510 [WARN] PackLoader:240 - Cannot read IP mode file for STMicroelectronics.X-CUBE-ISPU.2.0.0
2024-10-16 06:41:00,519 [WARN] PackLoader:240 - Cannot read IP mode file for STMicroelectronics.X-CUBE-ALS.1.0.2
2024-10-16 06:41:00,525 [WARN] PackLoader:240 - Cannot read IP mode file for STMicroelectronics.X-CUBE-TOUCHGFX.4.24.0
2024-10-16 06:41:00,531 [WARN] PackLoader:240 - Cannot read IP mode file for STMicroelectronics.X-CUBE-TOUCHGFX.4.24.1
2024-10-16 06:41:00,538 [WARN] PackLoader:240 - Cannot read IP mode file for wolfSSL.I-CUBE-wolfTPM.3.4.0
2024-10-16 06:41:00,545 [WARN] PackLoader:240 - Cannot read IP mode file for portGmbH.I-Cube-SoM-uGOAL.1.1.0
2024-10-16 06:41:00,570 [WARN] PackLoader:240 - Cannot read IP mode file for STMicroelectronics.X-CUBE-AZRTOS-H7RS.1.0.0
2024-10-16 06:41:00,579 [WARN] PackLoader:240 - Cannot read IP mode file for STMicroelectronics.FP-ATR-ASTRA1.2.0.0
2024-10-16 06:41:00,589 [WARN] PackLoader:240 - Cannot read IP mode file for STMicroelectronics.X-CUBE-TOF1.3.4.2
2024-10-16 06:41:00,622 [WARN] PackLoader:240 - Cannot read IP mode file for Infineon.AIROC-Wi-Fi-Bluetooth-STM32.1.6.1
2024-10-16 06:41:00,631 [WARN] PackLoader:240 - Cannot read IP mode file for wolfSSL.I-CUBE-wolfSSH.1.4.17
2024-10-16 06:41:00,632 [INFO] ThirdParty:978 - Integrity check success = true
2024-10-16 06:41:00,632 [INFO] IntegrityCheckThread:100 - exiting critical section [integrity check]
2024-10-16 06:41:00,633 [INFO] IntegrityCheckThread:103 - End integrity checks thread
2024-10-16 08:48:46,614 [INFO] Activator:176 - 


2024-10-16 08:48:46,619 [INFO] Activator:177 - !SESSION log4j initialized
2024-10-16 08:48:57,796 [INFO] LogOutputStream:77 - [STDOUT_REDIRECT] 
2024-10-16 08:49:06,136 [INFO] ApplicationProperties:184 - Using Application install path: C:\ST\STM32CubeIDE_1.16.0\STM32CubeIDE\plugins\com.st.stm32cube.common.mx_6.12.0.202406281431
2024-10-16 08:49:06,180 [INFO] DbMcusXml:78 - Set database path to: C:\ST\STM32CubeIDE_1.16.0\STM32CubeIDE\plugins\com.st.stm32cube.common.mx_6.12.0.202406281431\\db\/mcu/
2024-10-16 08:49:06,180 [INFO] ApiDb:274 - Set plugin database path to: C:\ST\STM32CubeIDE_1.16.0\STM32CubeIDE\plugins\com.st.stm32cube.common.mx_6.12.0.202406281431\\db\/plugins/boardmanager/
2024-10-16 08:49:06,181 [WARN] ApiDb:259 - Overriding images path with different value:  => C:\ST\STM32CubeIDE_1.16.0\STM32CubeIDE\plugins\com.st.stm32cube.common.mx_6.12.0.202406281431\\db\/plugins/mcufinder/images/
2024-10-16 08:49:06,205 [INFO] ApiDb:250 - Set database path to: C:\Users\Admin\.stmcufinder\plugins\mcufinder//mcu/
2024-10-16 08:49:06,210 [INFO] DbMcusAds:125 - Set database path to: C:\Users\Admin\.stmcufinder\plugins\mcufinder//mcu/
2024-10-16 08:49:06,824 [INFO] CrossReferenceDbSqlite:203 - Set database path to: C:\Users\Admin\.stmcufinder\plugins\mcufinder//mcu/cs/
2024-10-16 08:49:07,089 [INFO] RulesReader:64 - Compatibility file has been processed (297 Rules)
2024-10-16 08:49:07,261 [INFO] DbMcusXml:78 - Set database path to: C:\ST\STM32CubeIDE_1.16.0\STM32CubeIDE\plugins\com.st.stm32cube.common.mx_6.12.0.202406281431\\db\/mcu/
2024-10-16 08:49:07,262 [INFO] ApiDb:274 - Set plugin database path to: C:\ST\STM32CubeIDE_1.16.0\STM32CubeIDE\plugins\com.st.stm32cube.common.mx_6.12.0.202406281431\\db\/plugins/boardmanager/
2024-10-16 08:49:07,263 [INFO] ApiDb:261 - Set plugin images path to: C:\ST\STM32CubeIDE_1.16.0\STM32CubeIDE\plugins\com.st.stm32cube.common.mx_6.12.0.202406281431\\db\/plugins/mcufinder/images/
2024-10-16 08:49:07,263 [WARN] DbFile:41 - Overriding database path with different value: C:\Users\Admin\.stmcufinder\plugins\mcufinder/ => C:\Users\Admin\.stmcufinder\plugins\mcufinder
2024-10-16 08:49:07,263 [INFO] ApiDb:250 - Set database path to: C:\Users\Admin\.stmcufinder\plugins\mcufinder//mcu/
2024-10-16 08:49:07,263 [WARN] DbFile:41 - Overriding database path with different value: C:\Users\Admin\.stmcufinder\plugins\mcufinder/ => C:\Users\Admin\.stmcufinder\plugins\mcufinder
2024-10-16 08:49:07,264 [INFO] DbMcusAds:125 - Set database path to: C:\Users\Admin\.stmcufinder\plugins\mcufinder//mcu/
2024-10-16 08:49:07,264 [WARN] DbFile:41 - Overriding database path with different value: C:\Users\Admin\.stmcufinder\plugins\mcufinder/ => C:\Users\Admin\.stmcufinder\plugins\mcufinder
2024-10-16 08:49:07,264 [WARN] DbFile:41 - Overriding database path with different value: C:\Users\Admin\.stmcufinder\plugins\mcufinder/ => C:\Users\Admin\.stmcufinder\plugins\mcufinder
2024-10-16 08:49:07,824 [INFO] CrossReferenceDbSqlite:203 - Set database path to: C:\Users\Admin\.stmcufinder\plugins\mcufinder//mcu/cs/
2024-10-16 08:49:08,061 [INFO] MainPanel:268 - HeapMemory: 268435456
2024-10-16 08:49:08,266 [INFO] DbMcusXml:78 - Set database path to: C:\ST\STM32CubeIDE_1.16.0\STM32CubeIDE\plugins\com.st.stm32cube.common.mx_6.12.0.202406281431\\db\/mcu/
2024-10-16 08:49:08,266 [INFO] ApiDb:274 - Set plugin database path to: C:\ST\STM32CubeIDE_1.16.0\STM32CubeIDE\plugins\com.st.stm32cube.common.mx_6.12.0.202406281431\\db\/plugins/boardmanager/
2024-10-16 08:49:08,266 [INFO] ApiDb:261 - Set plugin images path to: C:\ST\STM32CubeIDE_1.16.0\STM32CubeIDE\plugins\com.st.stm32cube.common.mx_6.12.0.202406281431\\db\/plugins/mcufinder/images/
2024-10-16 08:49:08,267 [WARN] DbFile:41 - Overriding database path with different value: C:\Users\Admin\.stmcufinder\plugins\mcufinder/ => C:\Users\Admin\.stmcufinder\plugins\mcufinder
2024-10-16 08:49:08,267 [INFO] ApiDb:250 - Set database path to: C:\Users\Admin\.stmcufinder\plugins\mcufinder//mcu/
2024-10-16 08:49:08,267 [WARN] DbFile:41 - Overriding database path with different value: C:\Users\Admin\.stmcufinder\plugins\mcufinder/ => C:\Users\Admin\.stmcufinder\plugins\mcufinder
2024-10-16 08:49:08,267 [INFO] DbMcusAds:125 - Set database path to: C:\Users\Admin\.stmcufinder\plugins\mcufinder//mcu/
2024-10-16 08:49:08,267 [WARN] DbFile:41 - Overriding database path with different value: C:\Users\Admin\.stmcufinder\plugins\mcufinder/ => C:\Users\Admin\.stmcufinder\plugins\mcufinder
2024-10-16 08:49:08,268 [WARN] DbFile:41 - Overriding database path with different value: C:\Users\Admin\.stmcufinder\plugins\mcufinder/ => C:\Users\Admin\.stmcufinder\plugins\mcufinder
2024-10-16 08:49:08,825 [INFO] CrossReferenceDbSqlite:203 - Set database path to: C:\Users\Admin\.stmcufinder\plugins\mcufinder//mcu/cs/
2024-10-16 08:49:08,897 [INFO] ApplicationProperties:184 - Using Application install path: C:\ST\STM32CubeIDE_1.16.0\STM32CubeIDE\plugins\com.st.stm32cube.common.mx_6.12.0.202406281431
2024-10-16 08:49:08,902 [INFO] PluginManage:196 - Search for loadable plugins [exclusion list=, ]
2024-10-16 08:49:08,908 [INFO] PluginManage:310 - Check plugin analytics
2024-10-16 08:49:14,972 [INFO] AnalyticsPlugin:253 - Accepted Software Licenses: 
2024-10-16 08:49:14,973 [INFO] AnalyticsPlugin:255 - Accepted CMSIS Pack Licenses: 
2024-10-16 08:49:14,974 [INFO] AnalyticsPlugin:257 - Accepted Firmware Licenses: FW.F4.1.28.0
2024-10-16 08:49:14,980 [INFO] PluginManage:359 - Loaded plugin analytics (category:tool,tabindex:-1)
2024-10-16 08:49:14,980 [INFO] PluginManage:310 - Check plugin cadmodel
2024-10-16 08:49:14,993 [INFO] CADModel:105 - Init CAD model plugin
2024-10-16 08:49:14,994 [INFO] PluginManage:359 - Loaded plugin cadmodel (category:power,tabindex:5)
2024-10-16 08:49:14,994 [INFO] PluginManage:310 - Check plugin clock
2024-10-16 08:49:15,017 [INFO] PluginManage:359 - Loaded plugin clock (category:base,tabindex:2)
2024-10-16 08:49:15,018 [INFO] PluginManage:310 - Check plugin ddr
2024-10-16 08:49:15,024 [INFO] PluginManage:359 - Loaded plugin ddr (category:tool,tabindex:6)
2024-10-16 08:49:15,025 [INFO] PluginManage:310 - Check plugin filemanager
2024-10-16 08:49:15,333 [INFO] PluginManage:359 - Loaded plugin filemanager (category:base,tabindex:10)
2024-10-16 08:49:15,334 [INFO] PluginManage:310 - Check plugin ipmanager
2024-10-16 08:49:15,353 [INFO] PluginManage:359 - Loaded plugin ipmanager (category:base,tabindex:5)
2024-10-16 08:49:15,353 [INFO] PluginManage:310 - Check plugin lpbam
2024-10-16 08:49:15,372 [INFO] PluginManage:359 - Loaded plugin lpbam (category:base,tabindex:0)
2024-10-16 08:49:15,372 [INFO] PluginManage:310 - Check plugin memorymap
2024-10-16 08:49:15,405 [INFO] PluginManage:359 - Loaded plugin memorymap (category:base,tabindex:4)
2024-10-16 08:49:15,405 [INFO] PluginManage:310 - Check plugin pinoutandconfiguration
2024-10-16 08:49:15,426 [INFO] PluginManage:359 - Loaded plugin pinoutandconfiguration (category:base,tabindex:1)
2024-10-16 08:49:15,426 [INFO] PluginManage:310 - Check plugin pinoutconfig
2024-10-16 08:49:15,609 [WARN] SupportedApi:132 - Cannot load RTOS API schema: s4s-elt-must-match.1: The content of 'definitions' must match (annotation?, (simpleType | complexType)?, (unique | key | keyref)*)). A problem was found starting at: attribute.
2024-10-16 08:49:15,877 [INFO] PluginManage:359 - Loaded plugin pinoutconfig (category:base,tabindex:0)
2024-10-16 08:49:15,877 [INFO] PluginManage:310 - Check plugin power
2024-10-16 08:49:15,897 [INFO] PluginManage:359 - Loaded plugin power (category:power,tabindex:4)
2024-10-16 08:49:15,897 [INFO] PluginManage:310 - Check plugin projectmanager
2024-10-16 08:49:15,934 [INFO] PluginManage:359 - Loaded plugin projectmanager (category:projectmanager,tabindex:4)
2024-10-16 08:49:15,935 [INFO] PluginManage:310 - Check plugin rif
2024-10-16 08:49:15,950 [INFO] PluginManage:359 - Loaded plugin rif (category:base,tabindex:3)
2024-10-16 08:49:15,950 [INFO] PluginManage:310 - Check plugin thirdparty
2024-10-16 08:49:16,266 [INFO] PluginManage:359 - Loaded plugin thirdparty (category:base,tabindex:-1)
2024-10-16 08:49:16,266 [WARN] IntegrityCheckThread:84 - waiting for thirdparty lock release [integrity check]
2024-10-16 08:49:16,267 [INFO] IntegrityCheckThread:86 - entering critical section [integrity check]
2024-10-16 08:49:16,267 [INFO] PluginManage:310 - Check plugin tools
2024-10-16 08:49:16,267 [INFO] ThirdPartyUpdaterWithRetryManager:70 - Updater plugin not ready yet. [1/15]
2024-10-16 08:49:16,274 [INFO] PluginManage:359 - Loaded plugin tools (category:base,tabindex:7)
2024-10-16 08:49:16,275 [INFO] PluginManage:310 - Check plugin tutovideos
2024-10-16 08:49:16,702 [INFO] PluginManage:359 - Loaded plugin tutovideos (category:base,tabindex:-1)
2024-10-16 08:49:16,703 [INFO] PluginManage:310 - Check plugin updater
2024-10-16 08:49:16,740 [INFO] PluginManage:359 - Loaded plugin updater (category:base,tabindex:12)
2024-10-16 08:49:16,740 [INFO] PluginManage:310 - Check plugin userauth
2024-10-16 08:49:16,752 [INFO] UserAuth:113 - Init User Auth plugin
2024-10-16 08:49:16,752 [INFO] PluginManage:359 - Loaded plugin userauth (category:base,tabindex:14)
2024-10-16 08:49:16,753 [INFO] PluginManage:283 - PluginManage : Loaded plugins [18]
2024-10-16 08:49:17,186 [INFO] PinOutPanel:1561 - setPackage(No Configuration,No Configuration)
2024-10-16 08:49:17,351 [INFO] CADModel:165 - CPN selected for project level
2024-10-16 08:49:17,351 [INFO] CADModel:114 - Register for checkConnection events
2024-10-16 08:49:17,383 [INFO] IPUIPlugin:80 - create IPUIPlugin
2024-10-16 08:49:17,384 [INFO] PluginManager:220 - loadIPPluginJar : add adc
2024-10-16 08:49:17,389 [INFO] IPUIPlugin:80 - create IPUIPlugin
2024-10-16 08:49:17,390 [INFO] PluginManager:220 - loadIPPluginJar : add aes
2024-10-16 08:49:17,397 [INFO] IPUIPlugin:80 - create IPUIPlugin
2024-10-16 08:49:17,397 [INFO] PluginManager:220 - loadIPPluginJar : add can
2024-10-16 08:49:17,401 [INFO] IPUIPlugin:80 - create IPUIPlugin
2024-10-16 08:49:17,401 [INFO] PluginManager:220 - loadIPPluginJar : add comp
2024-10-16 08:49:17,407 [INFO] IPUIPlugin:80 - create IPUIPlugin
2024-10-16 08:49:17,407 [INFO] PluginManager:220 - loadIPPluginJar : add cryp
2024-10-16 08:49:17,414 [INFO] IPUIPlugin:80 - create IPUIPlugin
2024-10-16 08:49:17,415 [INFO] PluginManager:220 - loadIPPluginJar : add ddr_ctrl_phy
2024-10-16 08:49:17,421 [INFO] IPUIPlugin:80 - create IPUIPlugin
2024-10-16 08:49:17,421 [INFO] PluginManager:220 - loadIPPluginJar : add dfsdm
2024-10-16 08:49:17,432 [INFO] IPUIPlugin:80 - create IPUIPlugin
2024-10-16 08:49:17,432 [INFO] PluginManager:220 - loadIPPluginJar : add dma
2024-10-16 08:49:17,438 [INFO] IPUIPlugin:80 - create IPUIPlugin
2024-10-16 08:49:17,438 [INFO] PluginManager:220 - loadIPPluginJar : add dma3
2024-10-16 08:49:17,446 [INFO] IPUIPlugin:80 - create IPUIPlugin
2024-10-16 08:49:17,446 [INFO] PluginManager:220 - loadIPPluginJar : add extmemmanager
2024-10-16 08:49:17,450 [INFO] IPUIPlugin:80 - create IPUIPlugin
2024-10-16 08:49:17,450 [INFO] PluginManager:220 - loadIPPluginJar : add fatfs
2024-10-16 08:49:17,458 [INFO] IPUIPlugin:80 - create IPUIPlugin
2024-10-16 08:49:17,458 [INFO] PluginManager:220 - loadIPPluginJar : add fmc
2024-10-16 08:49:17,469 [INFO] IPUIPlugin:80 - create IPUIPlugin
2024-10-16 08:49:17,470 [INFO] PluginManager:220 - loadIPPluginJar : add freertos
2024-10-16 08:49:17,474 [INFO] IPUIPlugin:80 - create IPUIPlugin
2024-10-16 08:49:17,475 [INFO] PluginManager:220 - loadIPPluginJar : add genericplugin
2024-10-16 08:49:17,481 [INFO] IPUIPlugin:80 - create IPUIPlugin
2024-10-16 08:49:17,481 [INFO] PluginManager:220 - loadIPPluginJar : add gfxmmu
2024-10-16 08:49:17,491 [INFO] IPUIPlugin:80 - create IPUIPlugin
2024-10-16 08:49:17,491 [INFO] PluginManager:220 - loadIPPluginJar : add gic
2024-10-16 08:49:17,500 [INFO] IPUIPlugin:80 - create IPUIPlugin
2024-10-16 08:49:17,501 [INFO] PluginManager:220 - loadIPPluginJar : add gpio
2024-10-16 08:49:17,506 [INFO] IPUIPlugin:80 - create IPUIPlugin
2024-10-16 08:49:17,507 [INFO] PluginManager:220 - loadIPPluginJar : add gtzc
2024-10-16 08:49:17,513 [INFO] IPUIPlugin:80 - create IPUIPlugin
2024-10-16 08:49:17,513 [INFO] PluginManager:220 - loadIPPluginJar : add hash
2024-10-16 08:49:17,519 [INFO] IPUIPlugin:80 - create IPUIPlugin
2024-10-16 08:49:17,519 [INFO] PluginManager:220 - loadIPPluginJar : add i2c
2024-10-16 08:49:17,526 [INFO] IPUIPlugin:80 - create IPUIPlugin
2024-10-16 08:49:17,526 [INFO] PluginManager:220 - loadIPPluginJar : add i2s
2024-10-16 08:49:17,533 [INFO] IPUIPlugin:80 - create IPUIPlugin
2024-10-16 08:49:17,533 [INFO] PluginManager:220 - loadIPPluginJar : add i3c
2024-10-16 08:49:17,538 [INFO] IPUIPlugin:80 - create IPUIPlugin
2024-10-16 08:49:17,539 [INFO] PluginManager:220 - loadIPPluginJar : add ipddr
2024-10-16 08:49:17,553 [INFO] IPUIPlugin:80 - create IPUIPlugin
2024-10-16 08:49:17,554 [INFO] PluginManager:220 - loadIPPluginJar : add linkedlist
2024-10-16 08:49:17,560 [INFO] IPUIPlugin:80 - create IPUIPlugin
2024-10-16 08:49:17,560 [INFO] PluginManager:220 - loadIPPluginJar : add lorawan
2024-10-16 08:49:17,565 [INFO] IPUIPlugin:80 - create IPUIPlugin
2024-10-16 08:49:17,565 [INFO] PluginManager:220 - loadIPPluginJar : add ltdc
2024-10-16 08:49:17,577 [INFO] IPUIPlugin:80 - create IPUIPlugin
2024-10-16 08:49:17,577 [INFO] PluginManager:220 - loadIPPluginJar : add mdma
2024-10-16 08:49:17,584 [INFO] IPUIPlugin:80 - create IPUIPlugin
2024-10-16 08:49:17,584 [INFO] PluginManager:220 - loadIPPluginJar : add nvic
2024-10-16 08:49:17,590 [INFO] IPUIPlugin:80 - create IPUIPlugin
2024-10-16 08:49:17,590 [INFO] PluginManager:220 - loadIPPluginJar : add opamp
2024-10-16 08:49:17,596 [INFO] IPUIPlugin:80 - create IPUIPlugin
2024-10-16 08:49:17,597 [INFO] PluginManager:220 - loadIPPluginJar : add openamp
2024-10-16 08:49:17,603 [INFO] IPUIPlugin:80 - create IPUIPlugin
2024-10-16 08:49:17,603 [INFO] PluginManager:220 - loadIPPluginJar : add pdm2pcm
2024-10-16 08:49:17,615 [INFO] IPUIPlugin:80 - create IPUIPlugin
2024-10-16 08:49:17,618 [INFO] PluginManager:220 - loadIPPluginJar : add plateformsettings
2024-10-16 08:49:17,622 [INFO] IPUIPlugin:80 - create IPUIPlugin
2024-10-16 08:49:17,622 [INFO] PluginManager:220 - loadIPPluginJar : add quadspi
2024-10-16 08:49:17,627 [INFO] IPUIPlugin:80 - create IPUIPlugin
2024-10-16 08:49:17,628 [INFO] PluginManager:220 - loadIPPluginJar : add radio
2024-10-16 08:49:17,635 [INFO] IPUIPlugin:80 - create IPUIPlugin
2024-10-16 08:49:17,635 [INFO] PluginManager:220 - loadIPPluginJar : add resmgrutility
2024-10-16 08:49:17,642 [INFO] IPUIPlugin:80 - create IPUIPlugin
2024-10-16 08:49:17,642 [INFO] PluginManager:220 - loadIPPluginJar : add sai
2024-10-16 08:49:17,648 [INFO] IPUIPlugin:80 - create IPUIPlugin
2024-10-16 08:49:17,649 [INFO] PluginManager:220 - loadIPPluginJar : add spi
2024-10-16 08:49:17,659 [INFO] IPUIPlugin:80 - create IPUIPlugin
2024-10-16 08:49:17,659 [INFO] PluginManager:220 - loadIPPluginJar : add stm32_wpan
2024-10-16 08:49:17,663 [INFO] IPUIPlugin:80 - create IPUIPlugin
2024-10-16 08:49:17,663 [INFO] PluginManager:220 - loadIPPluginJar : add tim
2024-10-16 08:49:17,669 [INFO] IPUIPlugin:80 - create IPUIPlugin
2024-10-16 08:49:17,669 [INFO] PluginManager:220 - loadIPPluginJar : add touchsensing
2024-10-16 08:49:17,674 [INFO] IPUIPlugin:80 - create IPUIPlugin
2024-10-16 08:49:17,675 [INFO] PluginManager:220 - loadIPPluginJar : add tracer_emb
2024-10-16 08:49:17,679 [INFO] IPUIPlugin:80 - create IPUIPlugin
2024-10-16 08:49:17,679 [INFO] PluginManager:220 - loadIPPluginJar : add ts
2024-10-16 08:49:17,683 [INFO] IPUIPlugin:80 - create IPUIPlugin
2024-10-16 08:49:17,683 [INFO] PluginManager:220 - loadIPPluginJar : add tsc
2024-10-16 08:49:17,690 [INFO] IPUIPlugin:80 - create IPUIPlugin
2024-10-16 08:49:17,691 [INFO] PluginManager:220 - loadIPPluginJar : add ucpd
2024-10-16 08:49:17,697 [INFO] IPUIPlugin:80 - create IPUIPlugin
2024-10-16 08:49:17,697 [INFO] PluginManager:220 - loadIPPluginJar : add usart
2024-10-16 08:49:17,703 [INFO] IPUIPlugin:80 - create IPUIPlugin
2024-10-16 08:49:17,704 [INFO] PluginManager:220 - loadIPPluginJar : add usbx
2024-10-16 08:49:17,934 [INFO] CADModel:165 - CPN selected for project level
2024-10-16 08:49:17,935 [INFO] CADModel:114 - Register for checkConnection events
2024-10-16 08:49:17,935 [FATAL] Updater:334 - Updater called before beeing initialized
2024-10-16 08:49:17,935 [ERROR] CADModel:125 - Updater not yet initialized, retry later 
2024-10-16 08:49:18,252 [INFO] CADModel:165 - CPN selected for project level
2024-10-16 08:49:18,252 [INFO] CADModel:114 - Register for checkConnection events
2024-10-16 08:49:18,252 [FATAL] Updater:334 - Updater called before beeing initialized
2024-10-16 08:49:18,252 [ERROR] CADModel:125 - Updater not yet initialized, retry later 
2024-10-16 08:49:18,258 [FATAL] Updater:334 - Updater called before beeing initialized
2024-10-16 08:49:18,454 [FATAL] Updater:334 - Updater called before beeing initialized
2024-10-16 08:49:18,463 [INFO] DbMcusAds:53 - JSON generation date=Thu May 16 12:22:00 EEST 2024 (1715851320667)
2024-10-16 08:49:18,464 [FATAL] Updater:334 - Updater called before beeing initialized
2024-10-16 08:49:18,545 [WARN] DetailPanel:346 - Failed to get advertising image, set to default
2024-10-16 08:49:18,760 [FATAL] Updater:334 - Updater called before beeing initialized
2024-10-16 08:49:18,763 [FATAL] Updater:334 - Updater called before beeing initialized
2024-10-16 08:49:18,763 [FATAL] Updater:334 - Updater called before beeing initialized
2024-10-16 08:49:18,764 [WARN] DetailPanel:346 - Failed to get advertising image, set to default
2024-10-16 08:49:18,765 [FATAL] Updater:334 - Updater called before beeing initialized
2024-10-16 08:49:18,909 [ERROR] Updater:1164 - MainUpdater not yet initialized. External WinMGr cannot be set.
2024-10-16 08:49:18,915 [INFO] Updater:1100 - Updater Version found : 6.12.0
2024-10-16 08:49:18,947 [INFO] ApplicationProperties:184 - Using Application install path: C:\ST\STM32CubeIDE_1.16.0\STM32CubeIDE\plugins\com.st.stm32cube.common.mx_6.12.0.202406281431
2024-10-16 08:49:19,269 [INFO] ThirdPartyUpdaterWithRetryManager:70 - Updater plugin not ready yet. [2/15]
2024-10-16 08:49:20,546 [ERROR] LogOutputStream:75 - [STDERR_REDIRECT] Oct 16, 2024 8:49:20 AM java.util.prefs.WindowsPreferences <init>
2024-10-16 08:49:20,550 [ERROR] LogOutputStream:75 - [STDERR_REDIRECT] WARNING: Could not open/create prefs root node Software\JavaSoft\Prefs at root 0xffffffff80000002. Windows RegCreateKeyEx(...) returned error code 5.
2024-10-16 08:49:20,550 [ERROR] LogOutputStream:75 - [STDERR_REDIRECT] 
2024-10-16 08:49:21,190 [INFO] MainUpdater:2873 - connection check result : 10
2024-10-16 08:49:21,192 [INFO] MainUpdater:290 - Updater Check For Update Now.
2024-10-16 08:49:21,192 [INFO] MicroXplorer:498 - Change Database Version : DB.6.0.120
2024-10-16 08:49:21,206 [INFO] McuFinderGlobals:63 - Set McuFinder mode to 2 (CubeIDE integrated)
2024-10-16 08:49:21,209 [INFO] UserAuth:417 - Internet connection configuration mode: 1
2024-10-16 08:49:21,252 [INFO] JxBrowserEngine:152 - Initiate JxBrowser Engine with user profile folder
2024-10-16 08:49:21,468 [INFO] CheckServerUpdateThread:120 - End of CheckServer Thread
2024-10-16 08:49:22,962 [WARN] PackLoader:240 - Cannot read IP mode file for STMicroelectronics.FP-SNS-MOTENVWB1.1.4.0
2024-10-16 08:49:23,020 [WARN] PackLoader:240 - Cannot read IP mode file for STMicroelectronics.X-CUBE-SMBUS.2.1.0
2024-10-16 08:49:23,075 [WARN] PackLoader:240 - Cannot read IP mode file for STMicroelectronics.X-CUBE-WB05N.1.1.0
2024-10-16 08:49:23,166 [WARN] PackLoader:240 - Cannot read IP mode file for STMicroelectronics.X-CUBE-AZRTOS-F7.1.1.0
2024-10-16 08:49:23,275 [INFO] WebApp:167 - Instantiating new browser for Auth
2024-10-16 08:49:23,322 [WARN] PackLoader:240 - Cannot read IP mode file for STMicroelectronics.X-CUBE-MEMS1.11.0.0
2024-10-16 08:49:23,669 [WARN] PackLoader:240 - Cannot read IP mode file for STMicroelectronics.FP-SNS-FLIGHT1.5.0.2
2024-10-16 08:49:23,683 [WARN] PackLoader:240 - Cannot read IP mode file for STMicroelectronics.X-CUBE-DISPLAY.3.0.0
2024-10-16 08:49:23,697 [WARN] PackLoader:240 - Cannot read IP mode file for STMicroelectronics.X-CUBE-BLE1.7.0.0
2024-10-16 08:49:23,711 [WARN] PackLoader:240 - Cannot read IP mode file for STMicroelectronics.X-CUBE-NFC10.1.0.0
2024-10-16 08:49:23,726 [WARN] PackLoader:240 - Cannot read IP mode file for emotas.I-CUBE-CANOPEN.1.3.0
2024-10-16 08:49:23,741 [WARN] PackLoader:240 - Cannot read IP mode file for STMicroelectronics.X-CUBE-BLEMGR.3.1.0
2024-10-16 08:49:23,752 [WARN] PackLoader:240 - Cannot read IP mode file for STMicroelectronics.FP-SNS-SMARTAG2.1.2.0
2024-10-16 08:49:23,772 [INFO] LogOutputStream:77 - [STDOUT_REDIRECT] 1 : Invalid condition id : UX_CORESTACK_Condition cause : null
2024-10-16 08:49:23,772 [INFO] LogOutputStream:77 - [STDOUT_REDIRECT] 1 : Invalid condition id : UX_CORESTACK_Condition cause : null
2024-10-16 08:49:23,774 [INFO] LogOutputStream:77 - [STDOUT_REDIRECT] 1 : Invalid condition id : UX_CORESTACK_Condition cause : null
2024-10-16 08:49:23,777 [INFO] LogOutputStream:77 - [STDOUT_REDIRECT] 1 : Invalid condition id : UX_CORESTACK_Condition cause : null
2024-10-16 08:49:23,780 [INFO] LogOutputStream:77 - [STDOUT_REDIRECT] 1 : Invalid condition id : UX_CORESTACK_Condition cause : null
2024-10-16 08:49:23,786 [WARN] PackLoader:240 - Cannot read IP mode file for STMicroelectronics.X-CUBE-AZRTOS-WL.2.0.0
2024-10-16 08:49:23,809 [WARN] PackLoader:240 - Cannot read IP mode file for STMicroelectronics.FP-SNS-MOTENV1.5.0.0
2024-10-16 08:49:23,827 [WARN] PackLoader:240 - Cannot read IP mode file for wolfSSL.I-CUBE-wolfMQTT.1.19.0
2024-10-16 08:49:23,848 [WARN] PackLoader:240 - Cannot read IP mode file for WES.I-CUBE-Cesium.1.3.0
2024-10-16 08:49:23,862 [WARN] PackLoader:240 - Cannot read IP mode file for STMicroelectronics.X-CUBE-BLE2.3.3.0
2024-10-16 08:49:23,879 [WARN] PackLoader:240 - Cannot read IP mode file for STMicroelectronics.X-CUBE-NFC9.1.0.0
2024-10-16 08:49:23,913 [WARN] PackLoader:240 - Cannot read IP mode file for STMicroelectronics.X-CUBE-TCPP.4.1.0
2024-10-16 08:49:23,974 [WARN] PackLoader:240 - Cannot read IP mode file for STMicroelectronics.X-CUBE-AZRTOS-G0.1.1.0
2024-10-16 08:49:24,000 [WARN] PackLoader:240 - Cannot read IP mode file for STMicroelectronics.X-CUBE-SAFEA1.1.2.2
2024-10-16 08:49:24,033 [WARN] PackLoader:240 - Cannot read IP mode file for STMicroelectronics.X-CUBE-NFC4.3.0.0
2024-10-16 08:49:24,060 [WARN] PackLoader:240 - Cannot read IP mode file for EmbeddedOffice.I-CUBE-FS-RTOS.1.0.1
2024-10-16 08:49:24,061 [ERROR] ConditionMgr:805 - Attr not supported : Dmpu
2024-10-16 08:49:24,063 [ERROR] ConditionMgr:805 - Attr not supported : Dmpu
2024-10-16 08:49:24,064 [ERROR] ConditionMgr:805 - Attr not supported : Dmpu
2024-10-16 08:49:24,065 [ERROR] ConditionMgr:805 - Attr not supported : Dmpu
2024-10-16 08:49:24,066 [ERROR] ConditionMgr:805 - Attr not supported : Dmpu
2024-10-16 08:49:24,066 [ERROR] ConditionMgr:805 - Attr not supported : Dmpu
2024-10-16 08:49:24,067 [ERROR] ConditionMgr:805 - Attr not supported : Dmpu
2024-10-16 08:49:24,068 [ERROR] ConditionMgr:805 - Attr not supported : Dmpu
2024-10-16 08:49:24,068 [ERROR] ConditionMgr:805 - Attr not supported : Dmpu
2024-10-16 08:49:24,068 [ERROR] ConditionMgr:805 - Attr not supported : Dmpu
2024-10-16 08:49:24,068 [ERROR] ConditionMgr:805 - Attr not supported : Dmpu
2024-10-16 08:49:24,069 [ERROR] ConditionMgr:805 - Attr not supported : Dmpu
2024-10-16 08:49:24,069 [ERROR] ConditionMgr:805 - Attr not supported : Dmpu
2024-10-16 08:49:24,069 [ERROR] ConditionMgr:805 - Attr not supported : Dmpu
2024-10-16 08:49:24,069 [ERROR] ConditionMgr:805 - Attr not supported : Dmpu
2024-10-16 08:49:24,069 [ERROR] ConditionMgr:805 - Attr not supported : Dmpu
2024-10-16 08:49:24,069 [ERROR] ConditionMgr:805 - Attr not supported : Dmpu
2024-10-16 08:49:24,070 [ERROR] ConditionMgr:805 - Attr not supported : Dmpu
2024-10-16 08:49:24,070 [ERROR] ConditionMgr:805 - Attr not supported : Dmpu
2024-10-16 08:49:24,070 [ERROR] ConditionMgr:805 - Attr not supported : Dmpu
2024-10-16 08:49:24,070 [ERROR] ConditionMgr:805 - Attr not supported : Dmpu
2024-10-16 08:49:24,070 [ERROR] ConditionMgr:805 - Attr not supported : Dmpu
2024-10-16 08:49:24,070 [ERROR] ConditionMgr:805 - Attr not supported : Dmpu
2024-10-16 08:49:24,070 [ERROR] ConditionMgr:805 - Attr not supported : Dmpu
2024-10-16 08:49:24,071 [ERROR] ConditionMgr:805 - Attr not supported : Dmpu
2024-10-16 08:49:24,071 [ERROR] ConditionMgr:805 - Attr not supported : Dmpu
2024-10-16 08:49:24,071 [ERROR] ConditionMgr:805 - Attr not supported : Dmpu
2024-10-16 08:49:24,071 [ERROR] ConditionMgr:805 - Attr not supported : Dmpu
2024-10-16 08:49:24,071 [ERROR] ConditionMgr:805 - Attr not supported : Dmpu
2024-10-16 08:49:24,072 [ERROR] ConditionMgr:805 - Attr not supported : Dmpu
2024-10-16 08:49:24,072 [ERROR] ConditionMgr:805 - Attr not supported : Dmpu
2024-10-16 08:49:24,072 [ERROR] ConditionMgr:805 - Attr not supported : Dmpu
2024-10-16 08:49:24,072 [ERROR] ConditionMgr:805 - Attr not supported : Dmpu
2024-10-16 08:49:24,073 [ERROR] ConditionMgr:805 - Attr not supported : Dmpu
2024-10-16 08:49:24,074 [ERROR] ConditionMgr:805 - Attr not supported : Dmpu
2024-10-16 08:49:24,074 [ERROR] ConditionMgr:805 - Attr not supported : Dmpu
2024-10-16 08:49:24,076 [ERROR] ConditionMgr:805 - Attr not supported : Dmpu
2024-10-16 08:49:24,076 [ERROR] ConditionMgr:805 - Attr not supported : Dmpu
2024-10-16 08:49:24,082 [ERROR] ConditionMgr:805 - Attr not supported : Dmpu
2024-10-16 08:49:24,082 [ERROR] ConditionMgr:805 - Attr not supported : Dmpu
2024-10-16 08:49:24,082 [ERROR] ConditionMgr:805 - Attr not supported : Dmpu
2024-10-16 08:49:24,083 [ERROR] ConditionMgr:805 - Attr not supported : Dmpu
2024-10-16 08:49:24,083 [ERROR] ConditionMgr:805 - Attr not supported : Dmpu
2024-10-16 08:49:24,083 [ERROR] ConditionMgr:805 - Attr not supported : Dmpu
2024-10-16 08:49:24,083 [ERROR] ConditionMgr:805 - Attr not supported : Dmpu
2024-10-16 08:49:24,083 [ERROR] ConditionMgr:805 - Attr not supported : Dmpu
2024-10-16 08:49:24,083 [ERROR] ConditionMgr:805 - Attr not supported : Dmpu
2024-10-16 08:49:24,083 [ERROR] ConditionMgr:805 - Attr not supported : Dmpu
2024-10-16 08:49:24,084 [ERROR] ConditionMgr:805 - Attr not supported : Dmpu
2024-10-16 08:49:24,084 [ERROR] ConditionMgr:805 - Attr not supported : Dmpu
2024-10-16 08:49:24,084 [ERROR] ConditionMgr:805 - Attr not supported : Dmpu
2024-10-16 08:49:24,084 [ERROR] ConditionMgr:805 - Attr not supported : Dmpu
2024-10-16 08:49:24,084 [ERROR] ConditionMgr:805 - Attr not supported : Dmpu
2024-10-16 08:49:24,084 [ERROR] ConditionMgr:805 - Attr not supported : Dmpu
2024-10-16 08:49:24,085 [ERROR] ConditionMgr:805 - Attr not supported : Dmpu
2024-10-16 08:49:24,085 [ERROR] ConditionMgr:805 - Attr not supported : Dmpu
2024-10-16 08:49:24,085 [ERROR] ConditionMgr:805 - Attr not supported : Dmpu
2024-10-16 08:49:24,085 [ERROR] ConditionMgr:805 - Attr not supported : Dmpu
2024-10-16 08:49:24,085 [ERROR] ConditionMgr:805 - Attr not supported : Dmpu
2024-10-16 08:49:24,086 [ERROR] ConditionMgr:805 - Attr not supported : Dmpu
2024-10-16 08:49:24,087 [ERROR] ConditionMgr:805 - Attr not supported : Dmpu
2024-10-16 08:49:24,088 [ERROR] ConditionMgr:805 - Attr not supported : Dmpu
2024-10-16 08:49:24,088 [ERROR] ConditionMgr:805 - Attr not supported : Dmpu
2024-10-16 08:49:24,089 [ERROR] ConditionMgr:805 - Attr not supported : Dmpu
2024-10-16 08:49:24,134 [WARN] PackLoader:240 - Cannot read IP mode file for RealThread.X-CUBE-RT-Thread_Nano.4.1.1
2024-10-16 08:49:24,151 [WARN] PackLoader:240 - Cannot read IP mode file for STMicroelectronics.FP-ATR-SIGFOX1.3.2.0
2024-10-16 08:49:24,162 [WARN] PackLoader:240 - Cannot read IP mode file for wolfSSL.I-CUBE-wolfSSL.5.7.2
2024-10-16 08:49:24,181 [WARN] PackLoader:240 - Cannot read IP mode file for STMicroelectronics.X-CUBE-EEPRMA1.5.1.0
2024-10-16 08:49:24,200 [WARN] PackLoader:240 - Cannot read IP mode file for ITTIA_DB.I-CUBE-ITTIADB.8.9.0
2024-10-16 08:49:24,251 [WARN] PackLoader:240 - Cannot read IP mode file for SEGGER.I-CUBE-embOS.1.3.1
2024-10-16 08:49:24,356 [WARN] PackLoader:240 - Cannot read IP mode file for STMicroelectronics.X-CUBE-ALGOBUILD.1.4.0
2024-10-16 08:49:24,366 [WARN] PackLoader:240 - Cannot read IP mode file for STMicroelectronics.X-CUBE-AI.9.1.0
2024-10-16 08:49:24,397 [WARN] PackLoader:240 - Cannot read IP mode file for STMicroelectronics.X-CUBE-AZRTOS-F4.1.1.0
2024-10-16 08:49:24,411 [WARN] PackLoader:240 - Cannot read IP mode file for STMicroelectronics.X-CUBE-ISPU.2.1.0
2024-10-16 08:49:24,422 [WARN] PackLoader:240 - Cannot read IP mode file for STMicroelectronics.X-CUBE-FREERTOS.1.2.0
2024-10-16 08:49:24,457 [WARN] PackLoader:240 - Cannot read IP mode file for STMicroelectronics.X-CUBE-AZRTOS-L5.2.0.0
2024-10-16 08:49:24,475 [WARN] PackLoader:240 - Cannot read IP mode file for STMicroelectronics.X-CUBE-NFC6.3.1.0
2024-10-16 08:49:24,488 [WARN] PackLoader:240 - Cannot read IP mode file for STMicroelectronics.X-CUBE-DPower.1.2.0
2024-10-16 08:49:24,495 [WARN] PackLoader:240 - Cannot read IP mode file for STMicroelectronics.X-CUBE-AI.9.0.0
2024-10-16 08:49:24,505 [WARN] PackLoader:240 - Cannot read IP mode file for STMicroelectronics.X-CUBE-NFC7.1.0.1
2024-10-16 08:49:24,536 [WARN] ConditionMgr:438 - getConditionDescription Invalid condition id : LAN8742 Phy interface Condition cause : null
2024-10-16 08:49:24,537 [WARN] PackLoader:240 - Cannot read IP mode file for STMicroelectronics.X-CUBE-AZRTOS-L4.2.0.0
2024-10-16 08:49:24,539 [WARN] ConditionMgr:1039 - genDependencies : Invalid condition id : LAN8742 Phy interface Condition cause : null
2024-10-16 08:49:24,539 [WARN] ConditionMgr:1039 - genDependencies : Invalid condition id : LAN8742 Phy interface Condition cause : null
2024-10-16 08:49:24,542 [WARN] ConditionMgr:1039 - genDependencies : Invalid condition id : LAN8742 Phy interface Condition cause : null
2024-10-16 08:49:24,555 [WARN] PackLoader:240 - Cannot read IP mode file for STMicroelectronics.X-CUBE-SFXS2LP1.4.0.0
2024-10-16 08:49:24,597 [WARN] PackLoader:240 - Cannot read IP mode file for STMicroelectronics.X-CUBE-AZRTOS-H7.3.3.0
2024-10-16 08:49:24,627 [WARN] PackLoader:240 - Cannot read IP mode file for STMicroelectronics.X-CUBE-IPS.3.0.0
2024-10-16 08:49:24,658 [WARN] ConditionMgr:438 - getConditionDescription Invalid condition id : UX DEVICE CLASS RTOS Condition cause : null
2024-10-16 08:49:24,658 [WARN] ConditionMgr:438 - getConditionDescription Invalid condition id : UX DEVICE CLASS RTOS Condition cause : null
2024-10-16 08:49:24,663 [WARN] PackLoader:240 - Cannot read IP mode file for STMicroelectronics.X-CUBE-AZRTOS-WB.2.0.0
2024-10-16 08:49:24,664 [WARN] ConditionMgr:1039 - genDependencies : Invalid condition id : UX DEVICE CLASS RTOS Condition cause : null
2024-10-16 08:49:24,664 [WARN] ConditionMgr:1039 - genDependencies : Invalid condition id : UX DEVICE CLASS RTOS Condition cause : null
2024-10-16 08:49:24,665 [WARN] ConditionMgr:1039 - genDependencies : Invalid condition id : UX DEVICE CLASS RTOS Condition cause : null
2024-10-16 08:49:24,665 [WARN] ConditionMgr:1039 - genDependencies : Invalid condition id : UX DEVICE CLASS RTOS Condition cause : null
2024-10-16 08:49:24,665 [WARN] ConditionMgr:1039 - genDependencies : Invalid condition id : UX DEVICE CLASS RTOS Condition cause : null
2024-10-16 08:49:24,677 [WARN] PackLoader:240 - Cannot read IP mode file for STMicroelectronics.X-CUBE-GNSS1.7.0.0
2024-10-16 08:49:24,691 [WARN] PackLoader:240 - Cannot read IP mode file for STMicroelectronics.FP-SNS-STBOX1.2.0.0
2024-10-16 08:49:24,711 [WARN] PackLoader:240 - Cannot read IP mode file for STMicroelectronics.X-CUBE-SUBG2.5.0.0
2024-10-16 08:49:24,727 [WARN] PackLoader:240 - Cannot read IP mode file for Cesanta.I-CUBE-Mongoose.7.13.0
2024-10-16 08:49:24,753 [WARN] PackLoader:240 - Cannot read IP mode file for STMicroelectronics.X-CUBE-AZRTOS-G4.2.0.0
2024-10-16 08:49:24,764 [WARN] PackLoader:240 - Cannot read IP mode file for STMicroelectronics.X-CUBE-ISPU.2.0.0
2024-10-16 08:49:24,776 [WARN] PackLoader:240 - Cannot read IP mode file for STMicroelectronics.X-CUBE-ALS.1.0.2
2024-10-16 08:49:24,787 [WARN] PackLoader:240 - Cannot read IP mode file for STMicroelectronics.X-CUBE-TOUCHGFX.4.24.0
2024-10-16 08:49:24,794 [WARN] PackLoader:240 - Cannot read IP mode file for STMicroelectronics.X-CUBE-TOUCHGFX.4.24.1
2024-10-16 08:49:24,802 [WARN] PackLoader:240 - Cannot read IP mode file for wolfSSL.I-CUBE-wolfTPM.3.4.0
2024-10-16 08:49:24,815 [WARN] PackLoader:240 - Cannot read IP mode file for portGmbH.I-Cube-SoM-uGOAL.1.1.0
2024-10-16 08:49:24,856 [WARN] PackLoader:240 - Cannot read IP mode file for STMicroelectronics.X-CUBE-AZRTOS-H7RS.1.0.0
2024-10-16 08:49:24,875 [WARN] PackLoader:240 - Cannot read IP mode file for STMicroelectronics.FP-ATR-ASTRA1.2.0.0
2024-10-16 08:49:24,903 [WARN] PackLoader:240 - Cannot read IP mode file for STMicroelectronics.X-CUBE-TOF1.3.4.2
2024-10-16 08:49:24,962 [WARN] PackLoader:240 - Cannot read IP mode file for Infineon.AIROC-Wi-Fi-Bluetooth-STM32.1.6.1
2024-10-16 08:49:24,975 [WARN] PackLoader:240 - Cannot read IP mode file for wolfSSL.I-CUBE-wolfSSH.1.4.17
2024-10-16 08:49:24,976 [INFO] ThirdParty:978 - Integrity check success = true
2024-10-16 08:49:24,976 [INFO] IntegrityCheckThread:100 - exiting critical section [integrity check]
2024-10-16 08:49:24,976 [INFO] IntegrityCheckThread:103 - End integrity checks thread
2024-10-16 08:49:25,564 [INFO] WebApp:448 - Apply proxy settings
2024-10-16 08:49:25,565 [INFO] WebApp:533 - Chromium requires no authentication
2024-10-16 08:49:25,584 [INFO] WebApp:476 - Direct internet connection detected
2024-10-16 08:49:25,638 [INFO] WebApp:869 - Register for checkConnection events
2024-10-16 08:49:25,639 [INFO] WebApp:448 - Apply proxy settings
2024-10-16 08:49:25,639 [INFO] WebApp:533 - Chromium requires no authentication
2024-10-16 08:49:25,639 [INFO] WebApp:476 - Direct internet connection detected
2024-10-16 08:49:25,995 [INFO] WebApp:220 - Starting web application
2024-10-16 08:49:25,996 [INFO] WebApp:578 - Web application path used C:\ST\STM32CubeIDE_1.16.0\STM32CubeIDE\plugins\com.st.stm32cube.common.mx_6.12.0.202406281431\db\plugins\mcufinder\reactClient1\index.html
2024-10-16 08:49:26,189 [INFO] UserAuth:417 - Internet connection configuration mode: 1
2024-10-16 08:49:26,262 [INFO] WebApp:186 - Connection restablished
2024-10-16 08:51:24,409 [INFO] WebApp:189 - Connection lost
2024-10-16 08:51:24,794 [INFO] WebApp:186 - Connection restablished
2024-10-16 08:53:10,435 [INFO] WebApp:189 - Connection lost
2024-10-16 08:53:10,795 [INFO] WebApp:186 - Connection restablished
2024-10-16 08:54:11,909 [INFO] WebApp:189 - Connection lost
2024-10-16 08:54:12,258 [INFO] WebApp:186 - Connection restablished
2024-10-16 08:55:11,958 [INFO] WebApp:189 - Connection lost
2024-10-16 08:55:12,301 [INFO] WebApp:186 - Connection restablished
2024-10-16 08:56:14,900 [INFO] WebApp:189 - Connection lost
2024-10-16 08:56:15,242 [INFO] WebApp:186 - Connection restablished
2024-10-16 08:57:15,398 [INFO] WebApp:189 - Connection lost
2024-10-16 08:57:15,793 [INFO] WebApp:186 - Connection restablished
2024-10-16 08:57:46,920 [INFO] WebApp:189 - Connection lost
2024-10-16 08:57:47,259 [INFO] WebApp:186 - Connection restablished
2024-10-16 08:58:49,900 [INFO] WebApp:189 - Connection lost
2024-10-16 08:58:50,216 [INFO] WebApp:186 - Connection restablished
2024-10-16 09:01:24,402 [INFO] WebApp:189 - Connection lost
2024-10-16 09:01:24,890 [INFO] WebApp:186 - Connection restablished
2024-10-16 09:02:13,422 [INFO] WebApp:189 - Connection lost
2024-10-16 09:02:13,652 [INFO] WebApp:186 - Connection restablished
2024-10-16 09:03:16,901 [INFO] WebApp:189 - Connection lost
2024-10-16 09:03:17,147 [INFO] WebApp:186 - Connection restablished
2024-10-16 09:05:32,885 [INFO] WebApp:189 - Connection lost
2024-10-16 09:05:33,142 [INFO] WebApp:186 - Connection restablished
2024-10-16 09:08:25,903 [INFO] WebApp:189 - Connection lost
2024-10-16 09:08:26,138 [INFO] WebApp:186 - Connection restablished
2024-10-16 09:09:37,406 [INFO] WebApp:189 - Connection lost
2024-10-16 09:09:37,831 [INFO] WebApp:186 - Connection restablished
2024-10-16 09:10:29,407 [INFO] WebApp:189 - Connection lost
2024-10-16 09:10:29,634 [INFO] WebApp:186 - Connection restablished
2024-10-16 09:12:29,389 [INFO] WebApp:189 - Connection lost
2024-10-16 09:12:29,600 [INFO] WebApp:186 - Connection restablished
2024-10-16 09:13:27,905 [INFO] WebApp:189 - Connection lost
2024-10-16 09:13:28,143 [INFO] WebApp:186 - Connection restablished
2024-10-16 09:14:59,900 [INFO] WebApp:189 - Connection lost
2024-10-16 09:15:00,137 [INFO] WebApp:186 - Connection restablished
2024-10-16 09:15:26,397 [INFO] WebApp:189 - Connection lost
2024-10-16 09:15:26,581 [INFO] WebApp:186 - Connection restablished
2024-10-16 09:17:06,411 [INFO] WebApp:189 - Connection lost
2024-10-16 09:17:06,606 [INFO] WebApp:186 - Connection restablished
2024-10-16 09:17:57,897 [INFO] WebApp:189 - Connection lost
2024-10-16 09:17:58,139 [INFO] WebApp:186 - Connection restablished
2024-10-16 09:18:34,409 [INFO] WebApp:189 - Connection lost
2024-10-16 09:18:34,618 [INFO] WebApp:186 - Connection restablished
2024-10-16 09:19:05,893 [INFO] WebApp:189 - Connection lost
2024-10-16 09:19:06,148 [INFO] WebApp:186 - Connection restablished
2024-10-16 09:19:36,925 [INFO] WebApp:189 - Connection lost
2024-10-16 09:19:37,149 [INFO] WebApp:186 - Connection restablished
2024-10-16 09:20:08,401 [INFO] WebApp:189 - Connection lost
2024-10-16 09:20:08,623 [INFO] WebApp:186 - Connection restablished
2024-10-16 09:21:11,915 [INFO] WebApp:189 - Connection lost
2024-10-16 09:21:12,146 [INFO] WebApp:186 - Connection restablished
2024-10-16 09:22:14,904 [INFO] WebApp:189 - Connection lost
2024-10-16 09:22:15,266 [INFO] WebApp:186 - Connection restablished
2024-10-16 09:23:18,400 [INFO] WebApp:189 - Connection lost
2024-10-16 09:23:18,644 [INFO] WebApp:186 - Connection restablished
2024-10-16 09:24:14,419 [INFO] WebApp:189 - Connection lost
2024-10-16 09:24:14,813 [INFO] WebApp:186 - Connection restablished
2024-10-16 09:25:17,913 [INFO] WebApp:189 - Connection lost
2024-10-16 09:25:18,257 [INFO] WebApp:186 - Connection restablished
2024-10-16 09:25:38,905 [INFO] WebApp:189 - Connection lost
2024-10-16 09:25:39,095 [INFO] WebApp:186 - Connection restablished
2024-10-16 09:26:19,423 [INFO] WebApp:189 - Connection lost
2024-10-16 09:26:19,696 [INFO] WebApp:186 - Connection restablished
2024-10-16 09:26:41,391 [INFO] WebApp:189 - Connection lost
2024-10-16 09:26:41,559 [INFO] WebApp:186 - Connection restablished
2024-10-16 09:27:02,906 [INFO] WebApp:189 - Connection lost
2024-10-16 09:27:03,088 [INFO] WebApp:186 - Connection restablished
2024-10-16 09:27:33,400 [INFO] WebApp:189 - Connection lost
2024-10-16 09:27:33,639 [INFO] WebApp:186 - Connection restablished
2024-10-16 09:28:23,902 [INFO] WebApp:189 - Connection lost
2024-10-16 09:28:24,106 [INFO] WebApp:186 - Connection restablished
2024-10-16 09:28:45,390 [INFO] WebApp:189 - Connection lost
2024-10-16 09:28:45,639 [INFO] WebApp:186 - Connection restablished
2024-10-16 09:29:05,406 [INFO] WebApp:189 - Connection lost
2024-10-16 09:29:05,574 [INFO] WebApp:186 - Connection restablished
2024-10-16 09:29:56,904 [INFO] WebApp:189 - Connection lost
2024-10-16 09:29:57,155 [INFO] WebApp:186 - Connection restablished
2024-10-16 09:30:48,404 [INFO] WebApp:189 - Connection lost
2024-10-16 09:30:48,602 [INFO] WebApp:186 - Connection restablished
2024-10-16 09:31:43,893 [INFO] WebApp:189 - Connection lost
2024-10-16 09:31:44,138 [INFO] WebApp:186 - Connection restablished
2024-10-16 09:32:41,924 [INFO] WebApp:189 - Connection lost
2024-10-16 09:32:42,204 [INFO] WebApp:186 - Connection restablished
2024-10-16 09:33:33,890 [INFO] WebApp:189 - Connection lost
2024-10-16 09:33:34,133 [INFO] WebApp:186 - Connection restablished
2024-10-16 09:34:32,413 [INFO] WebApp:189 - Connection lost
2024-10-16 09:34:32,655 [INFO] WebApp:186 - Connection restablished
2024-10-16 09:35:35,918 [INFO] WebApp:189 - Connection lost
2024-10-16 09:35:36,134 [INFO] WebApp:186 - Connection restablished
2024-10-16 09:37:30,401 [INFO] WebApp:189 - Connection lost
2024-10-16 09:37:30,614 [INFO] WebApp:186 - Connection restablished
2024-10-16 09:38:33,380 [INFO] WebApp:189 - Connection lost
2024-10-16 09:38:33,625 [INFO] WebApp:186 - Connection restablished
2024-10-16 09:39:59,402 [INFO] WebApp:189 - Connection lost
2024-10-16 09:39:59,723 [INFO] WebApp:186 - Connection restablished
2024-10-16 09:40:23,894 [INFO] WebApp:189 - Connection lost
2024-10-16 09:40:24,090 [INFO] WebApp:186 - Connection restablished
2024-10-16 09:40:53,907 [INFO] WebApp:189 - Connection lost
2024-10-16 09:40:54,134 [INFO] WebApp:186 - Connection restablished
2024-10-16 09:41:25,423 [INFO] WebApp:189 - Connection lost
2024-10-16 09:41:25,748 [INFO] WebApp:186 - Connection restablished
2024-10-16 09:41:51,903 [INFO] WebApp:189 - Connection lost
2024-10-16 09:41:52,125 [INFO] WebApp:186 - Connection restablished
2024-10-16 09:43:39,429 [INFO] WebApp:189 - Connection lost
2024-10-16 09:43:39,648 [INFO] WebApp:186 - Connection restablished
2024-10-16 09:44:10,896 [INFO] WebApp:189 - Connection lost
2024-10-16 09:44:11,140 [INFO] WebApp:186 - Connection restablished
2024-10-16 09:44:38,400 [INFO] WebApp:189 - Connection lost
2024-10-16 09:44:38,597 [INFO] WebApp:186 - Connection restablished
2024-10-16 09:45:11,929 [INFO] WebApp:189 - Connection lost
2024-10-16 09:45:12,165 [INFO] WebApp:186 - Connection restablished
2024-10-16 09:45:59,915 [INFO] WebApp:189 - Connection lost
2024-10-16 09:46:00,141 [INFO] WebApp:186 - Connection restablished
2024-10-16 09:46:44,909 [INFO] WebApp:189 - Connection lost
2024-10-16 09:46:45,131 [INFO] WebApp:186 - Connection restablished
2024-10-16 09:47:29,401 [INFO] WebApp:189 - Connection lost
2024-10-16 09:47:29,656 [INFO] WebApp:186 - Connection restablished
2024-10-16 10:14:41,481 [INFO] WebApp:189 - Connection lost
2024-10-16 10:14:51,386 [INFO] WebApp:186 - Connection restablished
2024-10-16 10:14:52,874 [INFO] WebApp:189 - Connection lost
2024-10-16 10:14:53,127 [INFO] WebApp:186 - Connection restablished
2024-10-16 10:14:58,885 [ERROR] LogOutputStream:75 - [STDERR_REDIRECT] 
